\BOOKMARK [1][-]{section.1}{\376\377\000E\000x\000a\000m\000p\000l\000e\000\040\000F\000e\000e\000d\000\040\000F\000o\000r\000w\000a\000r\000d\000\040\000a\000n\000d\000\040\000B\000a\000c\000k\000p\000r\000o\000p\000a\000g\000a\000t\000i\000o\000n}{}% 1
\BOOKMARK [1][-]{section.2}{\376\377\000C\000o\000n\000v\000o\000l\000u\000t\000i\000o\000n\000a\000l\000\040\000N\000e\000u\000r\000a\000l\000\040\000N\000e\000t\000w\000o\000r\000k\000s}{}% 2
\BOOKMARK [1][-]{section.3}{\376\377\000E\000m\000p\000i\000r\000i\000c\000a\000l\000\040\000Q\000u\000e\000s\000t\000i\000o\000n\000s}{}% 3
\BOOKMARK [1][-]{section.4}{\376\377\000C\000o\000l\000l\000a\000b\000o\000r\000a\000t\000i\000o\000n\000\040\000Q\000u\000e\000s\000t\000i\000o\000n\000s}{}% 4
\BOOKMARK [1][-]{section.5}{\376\377\000T\000h\000e\000\040\000T\000a\000s\000k}{}% 5
\BOOKMARK [1][-]{section.6}{\376\377\000T\000h\000e\000\040\000D\000a\000t\000a\000s\000e\000t\000s}{}% 6
\BOOKMARK [1][-]{section.7}{\376\377\000M\000o\000d\000e\000l\000\040\000D\000e\000f\000i\000n\000i\000t\000i\000o\000n}{}% 7
\BOOKMARK [2][-]{subsection.7.1}{\376\377\000I\000n\000i\000t\000i\000a\000l\000i\000z\000a\000t\000i\000o\000n}{section.7}% 8
\BOOKMARK [1][-]{section.8}{\376\377\000I\000m\000p\000l\000e\000m\000e\000n\000t\000a\000t\000i\000o\000n}{}% 9
\BOOKMARK [2][-]{subsection.8.1}{\376\377\000C\000o\000m\000m\000a\000n\000d\000\040\000L\000i\000n\000e\000\040\000A\000r\000g\000u\000m\000e\000n\000t\000s}{section.8}% 10
\BOOKMARK [2][-]{subsection.8.2}{\376\377\000O\000u\000t\000p\000u\000t\000:\000\040\000L\000a\000b\000e\000l\000s\000\040\000F\000i\000l\000e\000s}{section.8}% 11
\BOOKMARK [2][-]{subsection.8.3}{\376\377\000O\000u\000t\000p\000u\000t\000\040\000M\000e\000t\000r\000i\000c\000s}{section.8}% 12
\BOOKMARK [2][-]{subsection.8.4}{\376\377\000T\000i\000n\000y\000\040\000D\000a\000t\000a\000\040\000S\000e\000t}{section.8}% 13
\BOOKMARK [1][-]{section.9}{\376\377\000G\000r\000a\000d\000e\000s\000c\000o\000p\000e\000\040\000S\000u\000b\000m\000i\000s\000s\000i\000o\000n}{}% 14
\BOOKMARK [1][-]{appendix.A}{\376\377\000I\000m\000p\000l\000e\000m\000e\000n\000t\000a\000t\000i\000o\000n\000\040\000D\000e\000t\000a\000i\000l\000s\000\040\000f\000o\000r\000\040\000N\000e\000u\000r\000a\000l\000\040\000N\000e\000t\000w\000o\000r\000k\000s}{}% 15
\BOOKMARK [2][-]{subsection.A.1}{\376\377\000S\000G\000D\000\040\000f\000o\000r\000\040\000N\000e\000u\000r\000a\000l\000\040\000N\000e\000t\000w\000o\000r\000k\000s}{appendix.A}% 16
\BOOKMARK [2][-]{subsection.A.2}{\376\377\000R\000e\000c\000u\000r\000s\000i\000v\000e\000\040\000D\000e\000r\000i\000v\000a\000t\000i\000o\000n\000\040\000o\000f\000\040\000B\000a\000c\000k\000p\000r\000o\000p\000a\000g\000a\000t\000i\000o\000n}{appendix.A}% 17
\BOOKMARK [3][-]{subsubsection.A.2.1}{\376\377\000S\000y\000m\000b\000o\000l\000i\000c\000\040\000D\000i\000f\000f\000e\000r\000e\000n\000t\000i\000a\000t\000i\000o\000n}{subsection.A.2}% 18
\BOOKMARK [2][-]{subsection.A.3}{\376\377\000M\000a\000t\000r\000i\000x\000\040\000/\000\040\000V\000e\000c\000t\000o\000r\000\040\000O\000p\000e\000r\000a\000t\000i\000o\000n\000s\000\040\000f\000o\000r\000\040\000N\000e\000u\000r\000a\000l\000\040\000N\000e\000t\000w\000o\000r\000k\000s}{appendix.A}% 19
\BOOKMARK [2][-]{subsection.A.4}{\376\377\000P\000r\000o\000c\000e\000d\000u\000r\000a\000l\000\040\000M\000e\000t\000h\000o\000d\000\040\000o\000f\000\040\000I\000m\000p\000l\000e\000m\000e\000n\000t\000a\000t\000i\000o\000n}{appendix.A}% 20
\BOOKMARK [3][-]{subsubsection.A.4.1}{\376\377\000D\000r\000a\000w\000b\000a\000c\000k\000s\000\040\000t\000o\000\040\000P\000r\000o\000c\000e\000d\000u\000r\000a\000l\000\040\000M\000e\000t\000h\000o\000d}{subsection.A.4}% 21
\BOOKMARK [2][-]{subsection.A.5}{\376\377\000M\000o\000d\000u\000l\000e\000-\000b\000a\000s\000e\000d\000\040\000M\000e\000t\000h\000o\000d\000\040\000o\000f\000\040\000I\000m\000p\000l\000e\000m\000e\000n\000t\000a\000t\000i\000o\000n}{appendix.A}% 22
\BOOKMARK [3][-]{subsubsection.A.5.1}{\376\377\000M\000o\000d\000u\000l\000e\000\040\000D\000e\000f\000i\000n\000i\000t\000i\000o\000n\000s}{subsection.A.5}% 23
\BOOKMARK [3][-]{subsubsection.A.5.2}{\376\377\000M\000o\000d\000u\000l\000e\000-\000b\000a\000s\000e\000d\000\040\000A\000D\000\040\000f\000o\000r\000\040\000N\000e\000u\000r\000a\000l\000\040\000N\000e\000t\000w\000o\000r\000k}{subsection.A.5}% 24
\BOOKMARK [2][-]{subsection.A.6}{\376\377\000T\000e\000s\000t\000i\000n\000g\000\040\000B\000a\000c\000k\000p\000r\000o\000p\000\040\000w\000i\000t\000h\000\040\000N\000u\000m\000e\000r\000i\000c\000a\000l\000\040\000D\000i\000f\000f\000e\000r\000e\000n\000t\000i\000a\000t\000i\000o\000n}{appendix.A}% 25
\BOOKMARK [3][-]{subsubsection.A.6.1}{\376\377\000L\000i\000m\000i\000t\000a\000t\000i\000o\000n\000s}{subsection.A.6}% 26
\BOOKMARK [3][-]{subsubsection.A.6.2}{\376\377\000F\000i\000n\000i\000t\000e\000\040\000D\000i\000f\000f\000e\000r\000e\000n\000c\000e\000\040\000C\000h\000e\000c\000k\000i\000n\000g\000\040\000o\000f\000\040\000M\000o\000d\000u\000l\000e\000s}{subsection.A.6}% 27
\BOOKMARK [2][-]{subsection.A.7}{\376\377\000W\000h\000y\000\040\000A\000d\000a\000G\000r\000a\000d\000?}{appendix.A}% 28
