\BOOKMARK [1][-]{section.1}{\376\377\000W\000r\000i\000t\000t\000e\000n\000\040\000Q\000u\000e\000s\000t\000i\000o\000n\000s\000\040\000\050\0002\0000\000\040\000p\000o\000i\000n\000t\000s\000\051}{}% 1
\BOOKMARK [2][-]{subsection.1.1}{\376\377\000L\000o\000g\000i\000s\000t\000i\000c\000\040\000R\000e\000g\000r\000e\000s\000s\000i\000o\000n\000\040\000a\000n\000d\000\040\000S\000t\000o\000c\000h\000a\000s\000t\000i\000c\000\040\000G\000r\000a\000d\000i\000e\000n\000t\000\040\000D\000e\000s\000c\000e\000n\000t}{section.1}% 2
\BOOKMARK [2][-]{subsection.1.2}{\376\377\000L\000o\000g\000i\000s\000t\000i\000c\000\040\000R\000e\000g\000r\000e\000s\000s\000i\000o\000n\000\040\000o\000n\000\040\000a\000\040\000S\000m\000a\000l\000l\000\040\000D\000a\000t\000a\000s\000e\000t}{section.1}% 3
\BOOKMARK [2][-]{subsection.1.3}{\376\377\000L\000o\000g\000i\000s\000t\000i\000c\000\040\000R\000e\000g\000r\000e\000s\000s\000i\000o\000n\000\040\000o\000n\000\040\000a\000n\000\040\000I\000m\000a\000g\000e\000\040\000D\000a\000t\000a\000s\000e\000t}{section.1}% 4
\BOOKMARK [2][-]{subsection.1.4}{\376\377\000P\000r\000o\000g\000r\000a\000m\000m\000i\000n\000g\000\040\000E\000m\000p\000i\000r\000i\000c\000a\000l\000\040\000Q\000u\000e\000s\000t\000i\000o\000n\000s}{section.1}% 5
\BOOKMARK [1][-]{section.2}{\376\377\000P\000r\000o\000g\000r\000a\000m\000m\000i\000n\000g\000\040\000\050\0007\0000\000\040\000p\000o\000i\000n\000t\000s\000\051}{}% 6
\BOOKMARK [2][-]{subsection.2.1}{\376\377\000T\000h\000e\000\040\000T\000a\000s\000k}{section.2}% 7
\BOOKMARK [2][-]{subsection.2.2}{\376\377\000T\000h\000e\000\040\000D\000a\000t\000a\000s\000e\000t\000s}{section.2}% 8
\BOOKMARK [2][-]{subsection.2.3}{\376\377\000M\000o\000d\000e\000l\000\040\000D\000e\000f\000i\000n\000i\000t\000i\000o\000n}{section.2}% 9
\BOOKMARK [2][-]{subsection.2.4}{\376\377\000I\000m\000p\000l\000e\000m\000e\000n\000t\000a\000t\000i\000o\000n}{section.2}% 10
\BOOKMARK [3][-]{subsubsection.2.4.1}{\376\377\000O\000v\000e\000r\000v\000i\000e\000w}{subsection.2.4}% 11
\BOOKMARK [3][-]{subsubsection.2.4.2}{\376\377\000F\000e\000a\000t\000u\000r\000e\000\040\000E\000n\000g\000i\000n\000e\000e\000r\000i\000n\000g}{subsection.2.4}% 12
\BOOKMARK [3][-]{subsubsection.2.4.3}{\376\377\000M\000o\000d\000e\000l\000\040\0001}{subsection.2.4}% 13
\BOOKMARK [3][-]{subsubsection.2.4.4}{\376\377\000M\000o\000d\000e\000l\000\040\0002}{subsection.2.4}% 14
\BOOKMARK [3][-]{subsubsection.2.4.5}{\376\377\000C\000o\000m\000m\000a\000n\000d\000\040\000L\000i\000n\000e\000\040\000A\000r\000g\000u\000m\000e\000n\000t\000s}{subsection.2.4}% 15
\BOOKMARK [2][-]{subsection.2.5}{\376\377\000P\000r\000o\000g\000r\000a\000m\000\040\000O\000u\000t\000p\000u\000t\000s}{section.2}% 16
\BOOKMARK [3][-]{subsubsection.2.5.1}{\376\377\000O\000u\000t\000p\000u\000t\000:\000\040\000F\000o\000r\000m\000a\000t\000t\000e\000d\000\040\000D\000a\000t\000a\000\040\000F\000i\000l\000e\000s}{subsection.2.5}% 17
\BOOKMARK [3][-]{subsubsection.2.5.2}{\376\377\000O\000u\000t\000p\000u\000t\000:\000\040\000L\000a\000b\000e\000l\000s\000\040\000F\000i\000l\000e\000s}{subsection.2.5}% 18
\BOOKMARK [3][-]{subsubsection.2.5.3}{\376\377\000O\000u\000t\000p\000u\000t\000\040\000M\000e\000t\000r\000i\000c\000s}{subsection.2.5}% 19
\BOOKMARK [2][-]{subsection.2.6}{\376\377\000E\000v\000a\000l\000u\000a\000t\000i\000o\000n\000\040\000a\000n\000d\000\040\000S\000u\000b\000m\000i\000s\000s\000i\000o\000n}{section.2}% 20
\BOOKMARK [3][-]{subsubsection.2.6.1}{\376\377\000E\000v\000a\000l\000u\000a\000t\000i\000o\000n}{subsection.2.6}% 21
\BOOKMARK [3][-]{subsubsection.2.6.2}{\376\377\000R\000e\000q\000u\000i\000r\000e\000m\000e\000n\000t\000s}{subsection.2.6}% 22
\BOOKMARK [3][-]{subsubsection.2.6.3}{\376\377\000H\000i\000n\000t\000s}{subsection.2.6}% 23
\BOOKMARK [3][-]{subsubsection.2.6.4}{\376\377\000G\000r\000a\000d\000e\000s\000c\000o\000p\000e\000\040\000S\000u\000b\000m\000i\000s\000s\000i\000o\000n}{subsection.2.6}% 24
\BOOKMARK [1][-]{appendix.A}{\376\377\000I\000m\000p\000l\000e\000m\000e\000n\000t\000a\000t\000i\000o\000n\000\040\000D\000e\000t\000a\000i\000l\000s\000\040\000f\000o\000r\000\040\000L\000o\000g\000i\000s\000t\000i\000c\000\040\000R\000e\000g\000r\000e\000s\000s\000i\000o\000n}{}% 25
\BOOKMARK [2][-]{subsection.A.1}{\376\377\000E\000x\000a\000m\000p\000l\000e\000s\000\040\000o\000f\000\040\000F\000e\000a\000t\000u\000r\000e\000s}{appendix.A}% 26
\BOOKMARK [2][-]{subsection.A.2}{\376\377\000E\000f\000f\000i\000c\000i\000e\000n\000t\000\040\000C\000o\000m\000p\000u\000t\000a\000t\000i\000o\000n\000\040\000o\000f\000\040\000t\000h\000e\000\040\000D\000o\000t\000-\000P\000r\000o\000d\000u\000c\000t}{appendix.A}% 27
