-200.0
-200.0
-200.0
-200.0
-200.0
-200.0
-200.0
-200.0
-200.0
-200.0
-200.0
-200.0
-200.0
-200.0
-200.0
-200.0
-200.0
-200.0
-200.0
-200.0
-200.0
-200.0
-200.0
-200.0
-200.0
-200.0
-200.0
-200.0
-200.0
-200.0
-200.0
-200.0
-200.0
-200.0
-200.0
-200.0
-200.0
-200.0
-200.0
-200.0
-200.0
-200.0
-200.0
-200.0
-200.0
-200.0
-200.0
-200.0
-200.0
-200.0
-200.0
-200.0
-200.0
-200.0
-200.0
-200.0
-200.0
-200.0
-200.0
-200.0
-200.0
-200.0
-200.0
-200.0
-200.0
-200.0
-200.0
-200.0
-200.0
-200.0
-200.0
-200.0
-200.0
-200.0
-200.0
-200.0
-200.0
-200.0
-200.0
-200.0
-200.0
-200.0
-200.0
-200.0
-200.0
-200.0
-200.0
-200.0
-200.0
-200.0
-200.0
-172.0
-200.0
-200.0
-200.0
-200.0
-200.0
-200.0
-200.0
-200.0
-200.0
-200.0
-200.0
-200.0
-200.0
-159.0
-187.0
-200.0
-200.0
-200.0
-200.0
-200.0
-200.0
-200.0
-200.0
-200.0
-200.0
-200.0
-200.0
-200.0
-200.0
-199.0
-200.0
-197.0
-157.0
-170.0
-179.0
-162.0
-161.0
-200.0
-165.0
-185.0
-192.0
-200.0
-200.0
-163.0
-158.0
-157.0
-200.0
-158.0
-154.0
-177.0
-200.0
-200.0
-200.0
-200.0
-200.0
-161.0
-134.0
-170.0
-200.0
-200.0
-200.0
-158.0
-144.0
-167.0
-135.0
-172.0
-123.0
-173.0
-123.0
-171.0
-172.0
-200.0
-200.0
-130.0
-129.0
-165.0
-167.0
-200.0
-136.0
-131.0
-168.0
-161.0
-187.0
-185.0
-151.0
-151.0
-200.0
-149.0
-186.0
-125.0
-144.0
-114.0
-163.0
-196.0
-150.0
-138.0
-113.0
-115.0
-115.0
-131.0
-121.0
-136.0
-163.0
-147.0
-190.0
-179.0
-102.0
-168.0
-125.0
-117.0
-123.0
-158.0
-200.0
-157.0
-143.0
-113.0
-200.0
-194.0
-163.0
-147.0
-200.0
-186.0
-115.0
-178.0
-200.0
-148.0
-119.0
-169.0
-186.0
-152.0
-168.0
-117.0
-200.0
-200.0
-140.0
-200.0
-177.0
-152.0
-172.0
-144.0
-114.0
-176.0
-111.0
-116.0
-113.0
-177.0
-157.0
-118.0
-192.0
-148.0
-191.0
-185.0
-185.0
-154.0
-143.0
-111.0
-109.0
-126.0
-144.0
-116.0
-153.0
-118.0
-113.0
-110.0
-145.0
-115.0
-116.0
-141.0
-185.0
-139.0
-115.0
-102.0
-113.0
-111.0
-111.0
-155.0
-110.0
-119.0
-158.0
-124.0
-152.0
-145.0
-111.0
-110.0
-150.0
-111.0
-113.0
-170.0
-144.0
-110.0
-166.0
-117.0
-151.0
-112.0
-163.0
-111.0
-192.0
-128.0
-158.0
-147.0
-115.0
-164.0
-168.0
-146.0
-113.0
-112.0
-114.0
-115.0
-169.0
-176.0
-114.0
-111.0
-112.0
-111.0
-113.0
-111.0
-112.0
-108.0
-113.0
-144.0
-109.0
-115.0
-148.0
-109.0
-143.0
-112.0
-112.0
-112.0
-112.0
-110.0
-141.0
-113.0
-97.0
-110.0
-108.0
-156.0
-114.0
-151.0
-151.0
-112.0
-109.0
-111.0
-155.0
-141.0
-162.0
-112.0
-112.0
-180.0
-193.0
-114.0
-142.0
-109.0
-105.0
-112.0
-114.0
-114.0
-110.0
-147.0
-119.0
-113.0
-109.0
-107.0
-113.0
-145.0
-161.0
-109.0
-147.0
-112.0
-148.0
-113.0
-110.0
-163.0
-112.0
-146.0
-112.0
-109.0
-108.0
-107.0
-111.0
-109.0
-144.0
-112.0
-118.0
-153.0
-193.0
-191.0
-138.0
-110.0
-110.0
-112.0
-88.0
-146.0
-200.0
-108.0
-175.0
-113.0
-111.0
-112.0
-113.0
-109.0
-111.0
-110.0
-112.0
-144.0
-110.0
-108.0
-110.0
-146.0