-1.471723208135931
-0.16206134668144126
-0.1588507930960279
-0.14024895466920007
-0.20685367342443306
-0.2028931676646448
-0.18410678833140554
-0.2381783635230045
-0.2345453614133375
-0.21864443023527314
-0.2630838784879328
-0.25985001285700293
-0.25058985732898537
-0.28003455029744495
-0.2785691467671868
-0.27012960487686155
-0.29133385354540475
-0.2899111689008321
-0.2816113235549114
-0.29913340122929305
-0.2967525945068743
-0.2889748863652546
-0.30220449533401844
-0.29912717918486004
-0.2903971081859138
-0.301620018162897
-0.2976413286598097
-0.2914035953386363
-0.2971019146447092
-0.29328876340356563
-0.28599746490628475
-0.2903480915082504
-0.28659791436318643
-0.2789074409902494
-0.27956879172789123
-0.2778597131664783
-0.27051546215764893
-0.2698180599264489
-0.26857038641875747
-0.26139826475753497
-0.25774960718338424
-0.25700358321815425
-0.25037269856720723
-0.18007766000052272
-0.1814985086295258
-0.18713096160798107
-0.1910533039263768
-0.19219069712228642
-0.19766459888369314
-0.2009911903536504
-0.2030174153572643
-0.20824698831025898
-0.2075665007082008
-0.20993421236729354
-0.21459916443974084
-0.2075145851078454
-0.2090545398655735
-0.212830932088556
-0.19821696970722444
-0.19968169975274463
-0.20317634261330794
-0.18005926874119885
-0.18172935684800204
-0.1849426500785578
-0.14946406122725447
-0.15215783993796933
-0.15290990301117435
-0.19461099292237272
-0.19153531338695717
-0.186068703011131
-0.2307886306365795
-0.22616022325058213
-0.2198189097875124
-0.25745294903434496
-0.25254408721608484
-0.24983569113400614
-0.27795800719061864
-0.2739079063795272
-0.27682964308652414
-0.2910020870394612
-0.28885428018475484
-0.2952638909777155
-0.3024990719026465
-0.30225371523676964
-0.30970910831874093
-0.3109701827929539
-0.3118825416364691
-0.32072749980710125
-0.3179992486437315
-0.32012118341174844
-0.330065663235749
-0.32249543449792345
-0.3255399998935529
-0.3349182374576796
-0.32598092129235934
-0.329330613258958
-0.33802848582037787
-0.328504382390096
-0.3330813071274582
-0.3407013476584267
-0.3306200135850651
-0.33431914492083004
-0.341493411664687
-0.33128225049651183
-0.3350068286308308
-0.34022796018563667
-0.32884820378256563
-0.3328151456873246
-0.33782906703331106
-0.3254875024082743
-0.3292110073294764
-0.33391932612595554
-0.32084748599329704
-0.32322994032474184
-0.32976772386268627
-0.31186861024622076
-0.3152289825465543
-0.32207360826235565
-0.29875965722242587
-0.30179142460145997
-0.30847305765386035
-0.2789147481216731
-0.281662117900164
-0.28865268457692467
-0.2518996336146491
-0.25486471192838667
-0.2625717897826168
-0.21496135583799147
-0.218627717951121
-0.22520166106930387
-0.1977394777643102
-0.19408821877303026
-0.1861527909857738
-0.24218544432054775
-0.23658109377242326
-0.22666851304467975
-0.2741652276518854
-0.2680059874394443
-0.25838050681686847
-0.29748833410683717
-0.2933143407823148
-0.29004364656860665
-0.313605758841817
-0.3106265282071147
-0.30985104552457526
-0.3257415533772618
-0.32502207761298113
-0.3234730139279718
-0.33560556337106034
-0.33482538447106786
-0.3339699553576011
-0.34269228347134295
-0.34277721704880215
-0.3412010002758966
-0.34840361942634596
-0.34781694943532454
-0.34744201777292716
-0.3521265439087709
-0.3506310735323666
-0.35251969674432215
-0.35387232002947994
-0.352588014737054
-0.3558925313396443
-0.3531877272280705
-0.35321790110952933
-0.35565322654322573
-0.3531010261845335
-0.3517765752898086
-0.35518489327749764
-0.3513386799050655
-0.3503647273355251
-0.354277614361339
-0.34800894728508985
-0.3471564742935755
-0.35320099455520043
-0.34262096657877006
-0.3426560698942372
-0.3514097306736479
-0.332879420858436
-0.33372205420256845
-0.3468012324885099
-0.3208610331542424
-0.3230700686328757
-0.3380741551121474
-0.30522126551439627
-0.30664233222058734
-0.32249425925088404
-0.2900432530225374
-0.2901088450704513
-0.30576108106510613
-0.26486113833589137
-0.26532633236625847
-0.28195167402777666
-0.38512225055327737
-0.38668653655941343
-0.37628537902705367
-0.38056538459795236
-0.3817149673054309
-0.3707703053182687
-0.3758170055035541
-0.3777915309010966
-0.3666396416951232
-0.3713185979849174
-0.3732943484267441
-0.3619890663331929
-0.36686995367029007
-0.36869293225131455
-0.3578935506707184
-0.3619650288765883
-0.3635416962250037
-0.3531917340747536
-0.3578121405259737
-0.35874246450218517
-0.34989747728369464
-0.35131290366588225
-0.3527201588572709
-0.34545052266386045
-0.34377078743266054
-0.3459558832920368
-0.33988396515888974
-0.33493697816497564
-0.33768299794782336
-0.3325588435752321
-0.32494992140522283
-0.32830639581537785
-0.32315258393969104
-0.314390179639918
-0.31765900056769025
-0.31400566675002306
-0.3037630365271445
-0.30645950303513014
-0.3032213609546757
-0.29112587967505116
-0.29416120560709175
-0.29189657639371336
-0.20656353836145502
-0.20323430250156052
-0.20187185031594507
-0.2204130701405067
-0.21749189455016596
-0.21544918827536985
-0.23552177364479374
-0.23368713586174464
-0.23080115193825676
-0.24997171016248818
-0.2493539490082539
-0.24567385424158356
-0.2624529090683732
-0.26220862640426407
-0.25865170752619865
-0.27344239905201734
-0.2741695080836069
-0.26898730194101855
-0.2834232637996218
-0.2846214630518417
-0.27891601027435825
-0.2921021482942388
-0.2938122782219242
-0.2875702123502494
-0.2997073813803315
-0.3009435723627847
-0.294649854918593
-0.3071335500519921
-0.30840497606681205
-0.3021360082581606
-0.31446757580909795
-0.3157551490316916
-0.3109327527222162
-0.32196048889862183
-0.3230596595755009
-0.3193085250339844
-0.32864130331614905
-0.32899208165608235
-0.32706655706077253
-0.3351923509374935
-0.33540495732704995
-0.3348008730164437
-0.3404120777324587
-0.34085092868077627
-0.34180744210192493
-0.34462753889851394
-0.3454240358567196
-0.348016009167918
-0.3486220221630814
-0.3489429432860534
-0.3530496716154643
-0.3512232594610614
-0.3518743031224841
-0.3576478901516101
-0.3533373259753877
-0.3550687554077446
-0.361484748898217
-0.35519823156003166
-0.357028667487663
-0.36334362298371026
-0.35650139617383914
-0.35867427166208543
-0.36376040334058163
-0.35670381086252456
-0.35935416783543744
-0.3635165239604407
-0.3574435808448677
-0.35961538285281425
-0.3625206680908369
-0.35770881592130965
-0.35991875844171944
-0.3622960170125951
-0.3574296762599079
-0.35996464985497106
-0.3614215527596978
-0.357413603558834
-0.3596054013943215
-0.36043499780810373
-0.357382001881654
-0.35967142760447735
-0.3599651692010106
-0.35818421665210826
-0.3597786872024803
-0.35896792311247816
-0.35926459126287397
-0.36048350245870403
-0.3573089332669161
-0.36049473815225547
-0.36156274383085807
-0.3574308499782976
-0.36272697328491754
-0.3628850884956881
-0.3575252580037314
-0.36509848371236564
-0.3644321347011404
-0.35839508131466336
-0.36699146768835017
-0.3665342306673971
-0.36074855601584105
-0.3696036857004262
-0.3688040661074236
-0.3632972114406936
-0.3710753615731294
-0.3706708685878182
-0.3664716882745943
-0.3734240724159502
-0.373162771322298
-0.36924394543366995
-0.3748790162792225
-0.37438989900103115
-0.37125256979582927
-0.37642686602990544
-0.37608175784321035
-0.37292922066497447
-0.3776280868707593
-0.37634987874331366
-0.3751000956475182
-0.3781435500216392
-0.37716819571181087
-0.37502474706262506
-0.3778789792443833
-0.37745934192094455
-0.3741876048848859
-0.37818264181581773
-0.37785037340898187
-0.37351156194591845
-0.37753008407591976
-0.37778674727648
-0.37284089284033245
-0.3764769014286254
-0.37652373524349053
-0.3708833591842968
-0.37440161680655426
-0.37554796779662847
-0.3689412192413855
-0.3713785400283478
-0.37241926472270304
-0.3661993142210928
-0.36828912987576307
-0.3703147491976037
-0.36370072716392965
-0.3681559640966482
-0.368809589657974
-0.36134638038968814
-0.37455664112862486
-0.37394000914767017
-0.36304440161505835
-0.37974467549264684
-0.3772887849520665
-0.3687219747402855
-0.23589777268139114
-0.2338543566712155
-0.22497948441531015
-0.25517717224039577
-0.2531927072982997
-0.24300415962929556
-0.2734667001462494
-0.2708310147867055
-0.26067221696109
-0.2898258144531581
-0.286679791342254
-0.27689856526938617
-0.3038797602927264
-0.30036694005212256
-0.2910151156087204
-0.3170491909419582
-0.3132728535913008
-0.3045162014068512
-0.32893395217154625
-0.32465346168144676
-0.31742210378264984
-0.3403047844175503
-0.3363765676074637
-0.3291762497411104
-0.3505782480296464
-0.3470117741000015
-0.34257980359079465
-0.36010000588110525
-0.35682700329368244
-0.35620845593197575
-0.36841172623533525
-0.3659743295127611
-0.3654628134779951
-0.3761858882341217
-0.3740100381038437
-0.37471545543216617
-0.3826818817625674
-0.3814856916931834
-0.3833182184346267
-0.388601153112175
-0.3871387044368655
-0.3899188440678473
-0.39434268076066686
-0.39327185157402783
-0.3950181589674692
-0.3990662627266277
-0.3990271449817416
-0.40150144470258664
-0.4037662581837337
-0.4043622407891849
-0.4052486522019289
-0.4084943690772595
-0.4087820170694403
-0.4088637303361857
-0.41170955069537585
-0.4122576968139794
-0.414453368783695
-0.41573359118328107
-0.415870217083661
-0.41785892578387623
-0.41887749437707666
-0.419243690977516
-0.42077455357141386
-0.421384330449535
-0.4220137641714822
-0.422725832588543
-0.4235103779180871
-0.42466765241260324
-0.42562596012526915
-0.4272879247531764
-0.4268942491026905
-0.42737625098976173
-0.4283864104569107
-0.4282772049529199
-0.4304728487801092
-0.429903005131262
-0.42977402820071664
-0.4314126798126594
-0.4317975793026429
-0.430962552308953
-0.43213500959528084
-0.43251468685467986
-0.43202814777046056
-0.432652458860802
-0.4329491950980735
-0.43263834393977724
-0.4334346991954391
-0.4341096083900019
-0.4332945271387124
-0.4334397640167379
-0.4351707750779697
-0.43433025621117355
-0.4342207646587399
-0.4344149612372257
-0.43511362023337025
-0.43479817302952195
-0.43376727173444285
-0.43534036259558323
-0.4342883584690872
-0.43440282718429934
-0.4353535426926723
-0.4348625653079792
-0.43364138017054027
-0.43575718373254496
-0.4333521005834665
-0.43365134135138667
-0.4353398991401693
-0.43373370404764966
-0.43389520611787835
-0.4350817233531328
-0.4346031168437969
-0.43305083087820706
-0.43499089083088743
-0.43296128232920156
-0.4323732455199974
-0.4343781425897003
-0.43208000074375186
-0.4315132163553434
-0.43263285373373317
-0.4318899101118581
-0.4311674575533401
-0.4332947597266503
-0.431782273883917
-0.42968623053024363
-0.4316718552984998
-0.4308105551247752
-0.4279299275552845
-0.4305519654726386
-0.42843053334325204
-0.4281991450653483
-0.4283861062792911
-0.42803541744988133
-0.42643412420811083
-0.42938513372018366
-0.4278200577763803
-0.4268497751783699
-0.4302620758489055
-0.429509578646772
-0.42475305223403065
-0.4275305607471403
-0.42766558481206224
-0.42393015314783455
-0.4251692042517921
-0.4260454824551257
-0.41996191112583703
-0.42224980632289066
-0.4231824169191424
-0.41642993481059015
-0.4181767582195842
-0.42091603760470014
-0.4135956596358093
-0.41523580032950996
-0.41901944663637064
-0.4089315528073867
-0.4109407778353652
-0.4145565139562835
-0.4059952520219625
-0.4058228858164289
-0.40898523340620035
-0.39920526231872216
-0.3999052704352753
-0.4036894075747638
-0.39233006609113247
-0.39199658037401475
-0.39704720540028104
-0.3846067660779111
-0.3836647660601931
-0.3891791448965637
-0.3750825161735481
-0.37492141094245607
-0.3808053351698064
-0.36435178816093133
-0.36439684033973124
-0.3714288269948733
-0.3535528923729703
-0.3532555528332245
-0.3607393855864249
-0.34151641907156055
-0.3411637479886367
-0.34926070442445645
-0.32798304642012327
-0.3275647054154988
-0.33648711803279036
-0.3131852439949964
-0.313580102158315
-0.3223411129684627
-0.2969361939567563
-0.2979416775977106
-0.30670432851093343
-0.2798994319266331
-0.28078442581986757
-0.28859614000355316
-0.15191200337108582
-0.1541418623280059
-0.16190558454226914
-0.16038411846880962
-0.16264484090819745
-0.1698403836684923
-0.16956803414444127
-0.17145704310863197
-0.1778380176175939
-0.17339854151594727
-0.1700471962515158
-0.1704768783632678
-0.18224617264692536
-0.17976087909112212
-0.18004536489381137
-0.1936725237833026
-0.19057193380623982
-0.1900285286325458
-0.22306090387183683
-0.22783574346338567
-0.23603642435785296
-0.16275526038794547
-0.167474525057828
-0.17127805899252177
-0.2564077407790267
-0.2583821517919046
-0.26220170179708413
-0.23712834122002127
-0.23904380116482107
-0.24417702658309914
-0.10509638845795997
-0.10940825897582904
-0.10858115190746098
-0.21883881331416763
-0.2214054936764152
-0.22650896925130323
-0.1737117111735196
-0.17882179964078623
-0.186663516986862
-0.1205415289643709
-0.12630399472326492
-0.13085674495904936
-0.20247969900725948
-0.2055567171208667
-0.21028262094300515
-0.18842575316769164
-0.19186956841099762
-0.1961660706036714
-0.076344919415415
-0.08224475281623145
-0.08231709847064696
-0.17525632251845935
-0.17896365487181903
-0.18266498480554239
-0.13763864198055129
-0.14324616948775956
-0.1479952114598488
-0.24350099905841052
-0.24473524908910987
-0.23738771985508828
-0.27685748539208854
-0.2801379891988867
-0.27895086988199996
-0.16337156128887123
-0.16758304678167316
-0.16975908242974327
-0.2315749375837365
-0.23373679901343272
-0.2279791314749286
-0.2618329262565856
-0.26452934057602867
-0.2640890171288063
-0.21474408783964807
-0.215242739361955
-0.2110484570864948
-0.24509103360644402
-0.24716811973494732
-0.24741445521538025
-0.1971888983296787
-0.1967791714011726
-0.19620150422771615
-0.22947754114557978
-0.23014625658281215
-0.23121118005587357
-0.18082332814858038
-0.17884259810993666
-0.18078881985582132
-0.21586090564560442
-0.21573363041949672
-0.2166121433431556
-0.16264730673097416
-0.1612396989040741
-0.16560109062655473
-0.20373712706988653
-0.2028442513579833
-0.2044835029274523
-0.14486085394644277
-0.1428112631394564
-0.14922454786768277
-0.1926728655745809
-0.19097022808903355
-0.1928660992916814
-0.1278732464586411
-0.12625771057951726
-0.1338467972488118
-0.18293006526700517
-0.18077008021992289
-0.18282954918956115
-0.14262922108603587
-0.14165443828395594
-0.13466030933907513
-0.21252801225168721
-0.21145208264325227
-0.1985850462088411
-0.1444443592212059
-0.141845816439117
-0.13201204077615056
-0.1955104432999842
-0.19428486279694313
-0.18034199677425175
-0.11511432748124796
-0.11195248451734129
-0.08658102873333717
-0.17935105978991253
-0.17864643823633844
-0.16465080126476325
-0.1033169757240389
-0.10289210620384048
-0.09391894914384069
-0.16475441087633125
-0.16466183497915418
-0.15040540812617892
-0.10667783215456021
-0.10490400720562766
-0.09613956399618569
-0.15120495180110358
-0.15106279240601664
-0.1375505433092267
-0.08501720539383972
-0.0838211960087523
-0.05680750616886809
-0.13925643837519697
-0.1389709875614282
-0.12596598624488703
-0.05518761550721701
-0.054512369640405296
-0.048982751940748644
-0.04829097479855965
-0.048148996881110524
-0.04340730242253154
-0.14245617335291022
-0.14518425196875714
-0.15331040662780607
-0.16407578478975973
-0.16077998613508415
-0.16194267655473668
-0.0909043860040216
-0.096417551276848
-0.10080300574706788
-0.15197185898640753
-0.15585134487080785
-0.15879336772055935
-0.1117836740524045
-0.11040069977722122
-0.11653048841364955
-0.1745574557934041
-0.17245359225114557
-0.17408756161098365
-0.06277378174100061
-0.06205289247392394
-0.05755707319733234
-0.0748520363204789
-0.07447713030013343
-0.06567699821103082
-0.12866694946019322
-0.1278190220241928
-0.11515513728790333
-0.07918823489971354
-0.07798866360511748
-0.07076366144912857
-0.11822406061114049
-0.1172944514214684
-0.10545311401316458
-0.133642820171898
-0.13690735203315352
-0.1455148116954167
-0.1552589543858889
-0.1525227711019718
-0.15345563398068437
-0.056964242028781954
-0.06325577201662143
-0.06399745108997792
-0.14167688068479753
-0.14526944456413063
-0.14750177212336885
-0.1082438994602281
-0.1135223909983398
-0.11584229027723385
-0.1321458077026665
-0.1354663895384732
-0.1364941841298783
-0.0687759102407267
-0.06878943068750822
-0.06617787752253522
-0.1662295993243837
-0.16438763376526386
-0.16558856340333059
-0.042176437523933304
-0.04159458438544281
-0.038419151487958624
-0.06367554202637708
-0.06212392677708356
-0.03772328661729469
-0.10843959082663068
-0.10744319871405851
-0.09687320679432117
-0.053803176451204096
-0.05308021026811936
-0.04521799797618262
-0.10008266470883571
-0.0989781188964396
-0.08866289537039593
-0.12601678347705042
-0.12974600454443802
-0.13871301160696517
-0.147749574215572
-0.14530284361836673
-0.1469778276152257
-0.11917983511551658
-0.1228865849866237
-0.13232872440262902
-0.14099260979453437
-0.1395163496058495
-0.141730663548533
-0.06923333450885227
-0.07320368282384493
-0.07661265306797004
-0.12362398815242044
-0.12624597188912076
-0.12762611635513513
-0.043623759257859294
-0.04912410703098572
-0.04930566726500174
-0.11574090277614976
-0.11819882419428665
-0.11929251609777067
-0.09745368908365798
-0.09559820307775534
-0.09941068588079305
-0.07409762615203369
-0.07507624671894535
-0.07317536853589522
-0.15774919297034265
-0.15619489839231274
-0.15588187637230463
-0.0836515668183091
-0.08111865167336729
-0.08270650783640764
-0.07789320826272038
-0.0793980316782498
-0.07731569027554115
-0.14927457210805387
-0.14787624295669924
-0.14660335437703642
-0.08175668469176639
-0.08257177675973555
-0.07875290043466247
-0.14165896104991776
-0.14097862327302335
-0.13871348822796808
-0.036279942345897896
-0.03570309938746554
-0.034955015507075665
-0.05924052419387473
-0.05767586074045049
-0.050780805775319474
-0.09218965166607543
-0.09099063520762685
-0.08157296394914136
-0.048662856680531184
-0.04672031978308434
-0.023134554247226467
-0.08538988156564062
-0.08373018896050115
-0.07570393500163819
-0.039903328031189296
-0.038842882481718806
-0.02946901087005617
-0.0794861022076552
-0.07808553406953779
-0.0694789236672482
-0.1125761494660829
-0.11550510230710619
-0.12547848241844198
-0.13449337293444313
-0.13349404396093525
-0.13728370892869976
-0.10773240918122388
-0.1091159760809102
-0.11989012114767579
-0.13034048458382874
-0.12869481223811693
-0.13398945213764066
-0.10264733146512306
-0.10291654492599708
-0.11318861355776619
-0.12543555979012666
-0.12354357621180634
-0.1292876355416754
-0.08657358832221798
-0.09019157028884275
-0.09289000974592701
-0.10914402781872305
-0.11079888421964924
-0.1119186926699134
-0.05535699119132028
-0.05819539487235156
-0.061244929315296626
-0.10305178066930525
-0.1051140821392052
-0.10581888262610475
-0.03669641534463702
-0.04017042657571988
-0.04023889561816914
-0.09701979941065808
-0.09899728199348398
-0.09938468978235308
-0.06993610995110412
-0.07354697160185585
-0.07536423622879786
-0.09199278262227123
-0.09312505971257082
-0.0934325080261254
-0.07138136384533324
-0.06847821127844933
-0.06928766410149363
-0.08337861611211546
-0.08374764446463642
-0.07785131641275381
-0.13426115261367683
-0.13366772634795746
-0.13088938679006937
-0.08441178088970294
-0.0838121089389038
-0.07709112507228917
-0.12810002827318642
-0.12767197433043875
-0.12343453616306588
-0.08520121409403257
-0.08287813951024137
-0.07443292051766076
-0.1230885785243447
-0.12245114735042027
-0.1172579241607325
-0.08502165893872798
-0.08112256018231614
-0.07375051083663742
-0.11840391086162409
-0.11799136919181111
-0.11228894240034348
-0.03090266579362415
-0.03073374278266394
-0.033469606171080135
-0.04562911264466657
-0.0438805855450971
-0.03701978410811952
-0.07371182941255436
-0.07242264100158995
-0.06452893441684791
-0.026715009460882323
-0.026492578162432546
-0.03237811005787399
-0.03872628572788365
-0.03670156552607031
-0.015062224640213187
-0.06431273118939065
-0.06323317420355502
-0.05702110999927273
-0.06900084269630294
-0.06787592639564079
-0.05998695417685738
-0.03496683878488728
-0.03444806142450275
-0.02889836445640463
-0.05900922479479723
-0.05865855784777999
-0.053624598603138354
-0.030131648451866798
-0.029348994778365844
-0.01956439240502833
-0.030412364004594933
-0.028943138896622374
-0.011310665471433187
-0.05503372341235846
-0.05469469619617572
-0.0501790120304591
-0.09701612739317175
-0.09697699043668036
-0.10561859860298983
-0.12098691547549881
-0.11894216003637668
-0.12519211987920123
-0.09075558864854137
-0.0901081002681103
-0.09877767354737724
-0.11648850795686211
-0.1144449775620241
-0.12054154451727159
-0.08297214102872386
-0.0837866236776095
-0.09279177693798313
-0.11174012886246408
-0.11052154115768997
-0.1164108808941261
-0.07383642599994969
-0.07500356357518816
-0.08473052974610998
-0.10718326290713921
-0.10554997190370724
-0.11089580718534156
-0.03804445812068675
-0.035529881498946495
-0.028844853261462036
-0.10142667154227365
-0.10076068068250013
-0.10553987711090088
-0.03334683690718954
-0.03054640832851894
-0.02616527743923151
-0.028767987833740134
-0.026734917480080226
-0.023619103956143084
-0.025732919308320713
-0.024336877293913515
-0.021763870969894555
-0.02390190824243874
-0.02194399854013338
-0.020651893852644605
-0.04401000635791424
-0.04552014395445149
-0.048472660268999816
-0.08699799000786879
-0.08768130368819362
-0.08820110746996009
-0.08357410999606313
-0.0794857051911473
-0.07147536943351827
-0.11460144534300153
-0.11383665573560532
-0.10705156189681386
-0.06338221342158673
-0.06523079918355366
-0.07669502384943899
-0.022570439496504516
-0.020607313930806365
-0.01902868292398649
-0.030908997056986784
-0.03246882163073248
-0.03279464834981091
-0.08185320446474507
-0.08269199026454217
-0.08323045086785537
-0.057200873912759714
-0.06075701343905466
-0.061484008903224606
-0.07829053617155632
-0.0785610964871067
-0.0782394925698988
-0.059902044001112445
-0.058406846513287605
-0.0587460207956203
-0.08081859130850401
-0.07783783488551364
-0.0698178814804331
-0.11122851155191234
-0.10957598815363889
-0.10206227183335048
-0.07871870418066164
-0.07662324603549542
-0.06866208775964351
-0.10785464964240221
-0.10560664748736691
-0.09826682761374254
-0.07716812304940436
-0.07564135924112227
-0.06912571356006812
-0.10496766610418143
-0.10239029096485217
-0.09582907224318495
-0.07647166302083896
-0.07509686367394271
-0.07101219546549331
-0.1022640977168228
-0.09941589248996778
-0.09348540537417732
-0.02216436249446303
-0.0220980803648735
-0.02917893932749255
-0.02768240628798841
-0.02675460180021035
-0.023430538517070058
-0.04754091459367381
-0.04726026037503081
-0.04434278970379068
-0.050746668303589884
-0.05057593361523059
-0.046856697704928084
-0.024732035427938608
-0.023530583542724304
-0.009372656007344299
-0.0442087586599652
-0.044287827356106174
-0.04171543567178414
-0.01874597964976305
-0.01876144793985593
-0.02733272767629071
-0.04067948295965618
-0.04062942964098012
-0.039327765746946096
-0.021510208269814254
-0.021000725480170117
-0.01955393712501662
-0.037537831628092835
-0.03805699575267889
-0.03638141658605166
-0.02274432241405729
-0.022597159626617583
-0.013900625857365255
-0.01740028209937072
-0.01732197269245305
-0.009548423936385279
-0.0532692107865851
-0.054135921294723464
-0.06866206260801458
-0.09587012029187995
-0.09551055197715294
-0.09993602413147304
-0.04422612528912735
-0.044843134469749295
-0.06014174965349551
-0.09129429398407891
-0.09073916771095282
-0.09520180358779724
-0.0500720175787948
-0.049482169029808384
-0.03845811702582823
-0.08654114437534016
-0.08631926902334422
-0.09149429082275991
-0.05193082435231646
-0.05131278929086594
-0.04167460101797584
-0.04706816869495152
-0.045896033241203504
-0.03506005393430183
-0.08234022446957569
-0.08247468806303115
-0.08710394022671836
-0.0426009095052947
-0.041374630682429574
-0.03127396152345852
-0.052723403373660306
-0.05197546836116034
-0.04412108142573174
-0.07760477009765221
-0.07808017922492072
-0.08293153233032267
-0.022056672671166757
-0.019578088110714986
-0.01806827179732753
-0.021089662258796445
-0.017804083048052016
-0.016755483666674207
-0.03522142749586629
-0.036631225766958056
-0.038070586638014735
-0.07361694578106606
-0.0744741793716881
-0.0735304490752332
-0.020424043306633884
-0.015904781394363004
-0.015362250680282182
-0.026258504934007346
-0.027090070303110142
-0.02664389668301709
-0.06958860738163865
-0.07039253998290695
-0.06960259038966714
-0.06641934975226613
-0.06668726235965508
-0.06611956592418054
-0.045995306445632295
-0.05078248096529202
-0.05075731524389835
-0.027761363767621026
-0.028263040105472318
-0.03049965537006623
-0.0634986735925773
-0.06337146098360055
-0.06252486388003115
-0.02226619921584464
-0.021662177291963236
-0.021271824454953788
-0.05873291420025072
-0.06021062586377097
-0.059141851097437075
-0.03713711926695416
-0.043805739373018106
-0.04201735821389278
-0.05630691313195821
-0.057561599688305626
-0.055743273714713465
-0.021402735904643873
-0.022930775688346335
-0.02485480968835297
-0.0539535852412745
-0.055189548390735824
-0.05384489532986663
-0.05070887856100997
-0.049840001213732665
-0.050248181716853066
-0.043139029104533606
-0.04315344874804208
-0.042915473488866374
-0.03630963211942004
-0.03847519508620686
-0.03787002664248331
-0.07720227866560656
-0.07681993629596846
-0.07340805052084966
-0.07946965483775059
-0.07909339321284226
-0.0775538323735702
-0.09926185642041115
-0.09695444414280867
-0.09200342585615787
-0.09657775892252142
-0.09425924884059056
-0.09006837933886437
-0.07862865312449505
-0.07835286542255357
-0.08025550928424018
-0.0937455536172416
-0.09181285285519414
-0.08798993312690834
-0.07891414572431338
-0.07769770344160391
-0.08051389585523508
-0.09139122567113687
-0.0895243912840657
-0.08652561459244748
-0.07691954583153596
-0.07531552197328348
-0.07955836820839958
-0.08890265610317455
-0.08715725976438461
-0.0841455731908132
-0.0728043786922688
-0.07140354954227139
-0.07590703104859918
-0.08624309016652616
-0.08466270569411925
-0.08203331281306926
-0.02046575122810919
-0.019582747776862367
-0.008687039206904558
-0.03523098422390261
-0.03569103644826851
-0.033660368387201586
-0.01585025686741484
-0.016165992425679166
-0.0242528647944439
-0.03245604716276461
-0.032625676285880964
-0.03126458643955216
-0.013294255320803817
-0.013128542217360154
-0.005434834386027871
-0.03633032546863009
-0.03683709999353577
-0.053036173796931894
-0.054034980754343126
-0.053880849845047124
-0.0466266449724754
-0.07423021829728614
-0.07542651947745324
-0.07927621252840132
-0.05614428497572472
-0.05554839621403519
-0.0502047609387959
-0.07188336079697408
-0.07257747231103256
-0.07555378993339419
-0.05771069789230838
-0.0577281285622565
-0.05232802263537875
-0.06965465976688336
-0.07077606852015314
-0.07229137557206743
-0.019169793865004125
-0.013755860315287494
-0.013725915500820706
-0.019754206703321925
-0.017947449871254798
-0.017650105699321173
-0.05108486318363222
-0.05291555727375812
-0.051205473257942044
-0.03139522015802025
-0.03804983544905497
-0.03704540545977999
-0.01669417305895519
-0.018150036754182305
-0.020394734499571625
-0.049379124641330104
-0.05029437611834714
-0.04916230668065994
-0.04727231896646386
-0.048440344298811035
-0.04682980230998284
-0.06746598056199479
-0.06698449900316573
-0.07189723463659078
-0.08283093812944348
-0.08206213113211207
-0.08027966158933211
-0.062154095061080786
-0.06198769297386543
-0.06479094086247543
-0.07982404884831044
-0.07919221838278853
-0.07772834902446167
-0.057377754875747124
-0.05753576469330062
-0.05825644642799951
-0.07580051590737608
-0.07604039967272187
-0.07466082731083487
-0.018422761031628883
-0.01850463497942124
-0.016404380882835242
-0.019938480173070348
-0.020573327186227217
-0.02031786382953639
-0.0720106077084064
-0.07284276373257309
-0.0722907985803732
-0.01766995378722949
-0.017204525408923133
-0.012937408161986285
-0.015364957567448394
-0.015077632128946318
-0.008342797446993207
-0.013461319769404798
-0.01325915615184788
-0.006012912619430537
-0.012263192456177512
-0.011841737791101124
-0.004213291127946677
-0.01097990261373678
-0.010624201074655636
-0.005274038427645445
-0.010050829449713786
-0.00973700206394037
-0.006429779072713886
-0.016667083743142675
-0.016174061321033287
-0.01566296923906603
-0.02930767191440837
-0.029879430598139252
-0.02863612044794429
-0.030073711790417023
-0.031010446090998154
-0.0454293392087427
-0.05851966674980043
-0.05871330437225825
-0.05485273675508261
-0.06771695075712834
-0.06908141551092656
-0.06942028291460722
-0.0584995761506853
-0.059335310905550866
-0.05600056798114905
-0.06579507155420602
-0.06711436863156908
-0.06625386632145916
-0.05846966275829651
-0.058893200993643084
-0.05723107729022108
-0.06420945164588304
-0.0652508442435558
-0.063386146758225
-0.058158598250910944
-0.05833261874070932
-0.05831086139795
-0.06291782398004962
-0.06328095172321611
-0.061363478336129616
-0.017983904483309877
-0.012244540669292168
-0.012116901220879939
-0.016742595666127028
-0.014895890177195826
-0.015233253426023437
-0.044949575519876404
-0.0464241116589364
-0.04497643760501259
-0.026035647666200055
-0.033425024264983186
-0.03246558591000253
-0.04234376547437713
-0.04411330524783684
-0.043226032134330496
-0.013355686869448987
-0.014597238795555372
-0.01695096482001327
-0.04144026365617246
-0.04169327963049835
-0.04119641288285238
-0.031228765679410186
-0.034968107402503314
-0.03355536755862088
-0.02820697985374942
-0.031471320038938905
-0.029743184178989163
-0.05207212753533604
-0.05226943654634591
-0.05197293475083674
-0.047015601337701496
-0.046877500747392935
-0.04576423263723855
-0.06894230067287718
-0.06972944315508922
-0.06880391595125018
-0.021926699335175676
-0.022851942407696297
-0.023039683314011714
-0.023500426569145402
-0.02469819397347929
-0.025009135321647943
-0.06509797015297937
-0.06572450336419697
-0.06517129299472749
-0.024446474838070633
-0.025685264266211587
-0.026100003963006175
-0.06204340936771507
-0.06277592636779834
-0.061909039166690195
-0.016657889569741003
-0.015991719218913885
-0.007004244530275891
-0.027497746512197527
-0.027763268210232797
-0.026389665807307717
-0.00922771316652596
-0.009755230368419332
-0.0023743062001043732
-0.024759746557212112
-0.024934056437462337
-0.023470719437637788
-0.02457562836812295
-0.02569540286228585
-0.03873632965557587
-0.0163081178081771
-0.01068828098285367
-0.010760446224327955
-0.013968600382402083
-0.012232172735708619
-0.012667408183278817
-0.040713876837292315
-0.04003827956612391
-0.03930313756620183
-0.02428225068500725
-0.02908954464550837
-0.027616404643020426
-0.03873216953053606
-0.03825342863428395
-0.03742896348736262
-0.041597543583834
-0.04102630939071761
-0.04016215767307961
-0.02484299040616744
-0.02542307881235862
-0.026424485147221146
-0.05884262457372418
-0.05884453944925795
-0.05892561114732022
-0.024230629927536804
-0.02481837821049153
-0.02609508650580048
-0.05618430170152804
-0.05592819935619607
-0.05577735897698937
-0.009636459710110476
-0.008997865956675453
-0.008633370504667096
-0.008002775244776938
-0.008193167202062342
-0.00874784005089425
-0.012928756826957714
-0.013029195758353646
-0.020546421291392516
-0.01315117663607277
-0.012663840697845794
-0.011895249198525998
-0.022761655785242606
-0.022846406599679826
-0.021275240649759972
-0.013314906223309724
-0.012315178926561225
-0.005033058274209065
-0.021305640882605847
-0.02054513962169715
-0.018742120851110898
-0.007036619299332814
-0.006741449934733955
0.001241265023344247
-0.019170516745581546
-0.01862953713616305
-0.014889657417053446
-0.01476523299579347
-0.016108288671406127
-0.02497332918029699
-0.0194767232320266
-0.020693057278110626
-0.03244133562065897
-0.05658746451920713
-0.05707205715331111
-0.05832987334357232
-0.0612421954796665
-0.06191841010589362
-0.060151257439575355
-0.05528503740605294
-0.05562175380023593
-0.05746448527905485
-0.06003881647074265
-0.06022919769156482
-0.05901162963140398
-0.05149496770121348
-0.05181398225627264
-0.05505866322162569
-0.05357822996840181
-0.053654898909993295
-0.05567563431095238
-0.05760385760701162
-0.057707938991499994
-0.058712681776973905
-0.05918674251957244
-0.05878971350750386
-0.05880045877110996
-0.04899669279332354
-0.049808046322751466
-0.052379483595377405
-0.05637174509918968
-0.05597283464063438
-0.057628714245304
-0.04620107659259505
-0.04779725298179317
-0.050477879094704255
-0.05519642203964488
-0.05496161002940702
-0.056495306317358995
-0.04327155494054897
-0.04528121130027869
-0.04794222168120613
-0.05377802426812341
-0.0533110202947104
-0.05499510089782854
-0.0070563822040478185
-0.007349668072026476
-0.008617515209227431
-0.010539137227020188
-0.010709742755703664
-0.015873799949352445
-0.010864343202889407
-0.00975527554457776
-0.008115993056511672
-0.01782436488868231
-0.01685786630141198
-0.013589690177106175
-0.011376345793002353
-0.011926261884854492
-0.01350132006745113
-0.03735849240727103
-0.03593418510887737
-0.03508696477781763
-0.026745276454890266
-0.027806106830415324
-0.026635729382922996
-0.03759693452964449
-0.03709066210158673
-0.035809035203684066
-0.033999634167556816
-0.033421460636899304
-0.03250112600009909
-0.02334078745400475
-0.023624460024684487
-0.025659800641782003
-0.05296082345046219
-0.05287379889669426
-0.05288848721129029
-0.02235298843100577
-0.023114069413769315
-0.023683925160895306
-0.050467974943774876
-0.05063578547625132
-0.04869494380665086
-0.022043065057060135
-0.023190294590767446
-0.022905073708727627
-0.0483668918845722
-0.047953944119740924
-0.045902572828309667
-0.02193398619266945
-0.023825978250758894
-0.022846137285157508
-0.046709583458906224
-0.045695751031249496
-0.043573298412901244
-0.022239106801365403
-0.025486186978823426
-0.025448366416324086
-0.04446821187771659
-0.04361006653398559
-0.041378248694408454
-0.01444991884552883
-0.009163883988775627
-0.009812558844342172
-0.011427041338893378
-0.01004568186898717
-0.009954962120496687
-0.035892516323787746
-0.03405020272327046
-0.032172241514985406
-0.021016219773736928
-0.02485992085801955
-0.021276674905746955
-0.00842372606154258
-0.010082078900259906
-0.01132242413814486
-0.03365056078532656
-0.03222072867252472
-0.029107349930960695
-0.0317569360700123
-0.029482349421999787
-0.027830238075886242
-0.00855206193418485
-0.007493381710221756
-0.007869473915878132
-0.030624596026011492
-0.027978935275280416
-0.026465065020699563
-0.02446547498489431
-0.024004520854283305
-0.02221727939448872
-0.03195367177399131
-0.031109821145704524
-0.029682272471188917
-0.023684492672549556
-0.027381636177090784
-0.027299898583780575
-0.042892068587523584
-0.04187228887560808
-0.03878650343866794
-0.02615521702591543
-0.02734878214066938
-0.028207777922204514
-0.04159839373450608
-0.040286253742177085
-0.03702161449969603
-0.029408682281600398
-0.032899022491743576
-0.032134772712681454
-0.040299126556210964
-0.038608361441571676
-0.035308434640685914
-0.031619689599837714
-0.033141914726151106
-0.0324402040982136
-0.03858674896249385
-0.03734255567738683
-0.03387793176458289
-0.035062201288925385
-0.03327064815374536
-0.032452961268224056
-0.037475239209314185
-0.0356024902421733
-0.031986168225704284
-0.03231733186856366
-0.031126400598403724
-0.0316248317113772
-0.032855255379689814
-0.03268775109419381
-0.030633002234908533
-0.012634341011589644
-0.007360807814505175
-0.007830675025213743
-0.03976774068885588
-0.041899963116346514
-0.043913960481533974
-0.05198672645985134
-0.051481546249473695
-0.05202198720963572
-0.012218985770995434
-0.009581583133127177
-0.008108026728101807
-0.010506469327574423
-0.008029808994431694
-0.0070528792166225035
-0.008995345447049788
-0.007164357047613852
-0.0060174272226548265
-0.007375052305866067
-0.006164788317882936
-0.0052492306499266565
-0.00609724589415071
-0.005892377876136194
-0.004411795637728501
-0.005391049120309869
-0.00507049763215539
-0.003919411997276138
-0.010915543122710147
-0.00998294217920203
-0.0021812509029678693
-0.016450288567019498
-0.01542960859925068
-0.01118660030002097
-0.008566182230772901
-0.00828345718720771
-0.011779557039440055
-0.008499742502575501
-0.0076477996863305656
-0.004386150905209355
-0.013246329550539141
-0.012517869665470294
-0.008764984590644603
-0.014790972908070812
-0.013792947004108736
-0.009734389419325005
-0.008807369903033142
-0.007568768456764787
-0.0021856644036245187
-0.01208399939588018
-0.011157820224530747
-0.006916684706972832
-0.005311493628672586
-0.004907453183473063
0.002128176297397455
-0.010839856942456531
-0.011771548991318928
-0.019385421277031738
-0.007990734659296127
-0.008229960695135947
-0.013709062576901925
-0.03570112651132978
-0.03736141422887996
-0.03998715855110703
-0.050209984068099595
-0.0496908748723046
-0.04959259135614635
-0.03106579987713837
-0.03289962904854064
-0.03539806669360841
-0.04787820664178248
-0.047795115566520885
-0.04617995028684737
-0.021969224858463848
-0.022690573392520848
-0.02551811974617685
-0.026772633255249353
-0.027464050025249737
-0.03047616143608947
-0.043500684230445986
-0.04310671578473315
-0.040220573811844074
-0.04602085547558865
-0.04540782109425836
-0.043070443820571506
-0.018031887318173973
-0.018805053392552635
-0.021079371236014968
-0.041130283583267695
-0.04045900575295525
-0.037769700325789135
-0.023613012316786305
-0.022845870714208873
-0.01872392621886892
-0.03801893861658585
-0.038058501180810764
-0.034816789860935844
-0.02374434313422935
-0.023354190094739765
-0.020492681129574333
-0.023098396265093673
-0.02165395236040258
-0.016690329089774154
-0.03560007619513784
-0.035666681467497865
-0.032657092265400804
-0.02436636372683846
-0.02375984593723312
-0.02196929262597012
-0.021531459371982118
-0.02041614239221229
-0.014702454065667205
-0.03333760488106927
-0.033466448137715404
-0.030179256877777783
-0.019248222220339287
-0.017943771069008647
-0.012594282384482016
-0.02392287197408082
-0.023729954717747855
-0.022726326998046206
-0.03083645118239612
-0.031171945836182637
-0.0275917106286289
-0.016812406764644086
-0.014895486517980255
-0.010781883593238924
-0.014508857556769844
-0.012329460643424672
-0.009605432805039359
-0.004395884117642916
-0.004421492967830656
-0.002958736437119436
-0.003783638050964966
-0.0039985997324236185
-0.0023429360387760318
-0.0029308133401731557
-0.0030094338303797256
-0.0017613990720053638
-0.0024631593947395565
-0.0027685914821467565
-0.0014240491646557094
-0.0017607499592114104
-0.002332391305969546
-0.0012479489432570255
-0.010810234318057303
-0.005986348480247648
-0.006755676628923581
-0.02833624994230933
-0.026977978443505815
-0.0240266896609857
-0.006345398810145146
-0.005538296667942888
-0.006133519802112475
-0.005725652942745056
-0.007839272164092373
-0.009876239272088777
-0.02590707168317493
-0.023250712288200918
-0.021738543941277617
-0.025081451302081025
-0.022507657411941367
-0.019989214501569392
-0.009085596261561598
-0.004413821179581051
-0.005192464771577653
-0.0037359187155965273
-0.005836677407190842
-0.008309708621752683
-0.023696102945476624
-0.021055113349501383
-0.019422887122197866
-0.01989760973510352
-0.019562574827722834
-0.017430333090730474
-0.0042736721486047674
-0.003649773723127674
-0.00517080344781119
-0.018330474658632342
-0.015591114367905392
-0.015018338732225394
-0.01752601562425202
-0.020991629963258162
-0.017271013032062115
-0.014610506683915028
-0.01664129216992033
-0.014230422350620211
-0.006615443800072644
-0.0027040378012615006
-0.0038839635343110956
-0.0013682862231892182
-0.003948759005769188
-0.006220823096305163
-0.01470906997845712
-0.01139849899898404
-0.01081490986069589
-0.012518737814027922
-0.010011251519804242
-0.009336589369874613
-0.008093626178384484
-0.008694461197722539
-0.006930946326384799
-0.0018944911431252767
-0.002240756692475117
-0.003629928693504239
-0.009366135517785562
-0.008408746363547919
-0.007511105154131357
-0.022072534091826652
-0.020485553565058653
-0.018595591104821434
-0.018736052491935884
-0.01696936074399848
-0.01385569469945691
-0.02962003599645752
-0.029249338872009745
-0.0272286865695083
-0.028114986512769165
-0.027521716062481955
-0.025011018645755514
-0.02632382682751213
-0.024763649528973433
-0.022997499119582057
-0.024775597266236852
-0.021869772780490584
-0.020727161127743775
-0.020908729845139917
-0.02177207708034497
-0.023704342997859573
-0.010279647538419052
-0.012723888293110712
-0.011544585679223163
-0.02187875203991183
-0.02278594733829727
-0.024200760465862562
-0.011134166425496453
-0.014187042828554031
-0.012919334361208184
-0.0008545188870774018
-0.0014631545354433177
-0.0013747486819850178
-0.0057270089629503935
-0.00626337815867122
-0.008107767578295589
-0.006439843362245984
-0.006344399095201974
-0.00951597320916786
-0.01041170196440745
-0.009913984574311327
-0.005366420670933253
-0.0063723809618371095
-0.005455493521246201
-0.0004813284584646632
-0.009423070974141958
-0.008358398880407866
-0.003840703359172146
-0.0036322297306804717
-0.003370878399525808
0.004176078935612233
-0.0055347454443093426
-0.005446666420048641
-0.009005349397053091
-0.014056802510027581
-0.011941340644777722
-0.009847535284414203
-0.0009700221947719115
-0.0010138702579523008
-0.0004964174680029881
-0.000537923511126152
-0.00047613746722553453
0.0009918294764686823
-0.0003966994164792878
-0.00017276918388114593
0.0004667930425197822
-0.00020084517800224582
-0.00016391477857245586
0.0005046096720983935
-0.004670470476846193
-0.004978880597588232
-0.007387460459610618
-0.003664643788517829
-0.003932046437709991
-0.00560866096999465
-0.002820355493188802
-0.0028796305055191597
-0.005833008284306559
-0.0021534862434857117
-0.0019007016069918583
-0.004983064005085236
-0.006620510698915042
-0.005334032719539535
-0.0006323932036943072
-0.008448923087880556
-0.0072729318716665894
-0.0019236110698685831
-0.005013650002809793
-0.004508815259208746
-0.006463011606359902
-0.001577732310891691
-0.0010978127539721465
-0.004954977000588436
-0.004425369040258388
-0.0033496418467566635
0.0004480858501335352
-0.005296461949752779
-0.004197395066915542
0.0009696377929065047
-0.006284674506990081
-0.005131633496657568
-0.0006630841251950069
-0.007612189871548201
-0.0063977038218935535
-0.0009650637175714185
-0.003113101886232077
-0.002810498707118929
-0.004296099234048629
-0.0031833900054983977
-0.0018783167411969396
0.005563954388193864
-0.004362091038938979
-0.003640675153007392
0.00332147852278482
-0.0038394117017015433
-0.0026002775026961336
0.003195957748687827
-0.004501833258616028
-0.0035354819319819977
0.0016642123003298784
-0.0014778653839213668
-0.001232856556255849
0.0005614179847847878
-0.00259708154902283
-0.0017061610842718999
0.0027965965619459955
-0.002305426593485051
-0.001417715162033341
0.005511675141201439
-0.0029549764960696756
-0.001892112007770093
0.004208188646716293
-0.0017842819778609794
-0.000682420459548384
0.007702883652109898
-0.0019579399184119547
-0.0007625011291367171
0.004912994991648181
-0.0008275612095636846
-0.00018485860577749158
0.004950257156416655
-0.0013887313723839514
-0.0007249832248630693
0.0059603115343785035
-0.002562996873517329
-0.001800978758641077
0.0054610994925604495
-0.001828412388965513
-0.001938899152127054
-0.0012912178661742717
-0.0032766294928470324
-0.003589051767765955
-0.004731020303348285
-0.0008710929094943889
-0.0008477532201588806
0.0005215519427729679
-0.01185573306090849
-0.012312491372758097
-0.012164411135826461
-0.01440592629979952
-0.015212630466601876
-0.016092863642066923
-0.004940008672323638
-0.005203685304245818
-0.001992530991623394
-0.006913579208315306
-0.007441991118434762
-0.0048653836305826625
-0.008971241154230793
-0.00970660220048229
-0.008209964251807627
-0.02925263225798283
-0.029601193488090493
-0.025570735614942504
-0.02455457710157919
-0.024478208688608668
-0.02393590876284215
-0.024444298035841788
-0.024421220582612695
-0.023769129330227436
-0.026480808656354018
-0.02652554960503092
-0.0224817341639708
-0.027739675933116846
-0.02759176490173695
-0.023634165480827266
-0.02428048586599176
-0.024299992233085443
-0.023466261300965
-0.024312623585659204
-0.02439750818384466
-0.023578204623319075
-0.025279580435711112
-0.025302195985255238
-0.021842572196587202
-0.023495530694420563
-0.023549040402144093
-0.022955928692024587
-0.024087462015413036
-0.02389492618070154
-0.022877667236352678
-0.023793407454771678
-0.023713605451905113
-0.021939207947404154
-0.024589396037558563
-0.024361325255980382
-0.02190725288374405
-0.02158390902944037
-0.021845794629537237
-0.02100136755509111
-0.022616681062498357
-0.02278065736803512
-0.021303305604691018
-0.022005249094348835
-0.022265803534013837
-0.021401140923654634
-0.022852009909246365
-0.023163824788112165
-0.021490926405882436
-0.019027672843268045
-0.01939144016497281
-0.019568743920891248
-0.020334672780782645
-0.020704100046068024
-0.020570122070099825
-0.0200887446809747
-0.020286461039114547
-0.020366557117874468
-0.021070452453739515
-0.021300605930919616
-0.021269306801375044
-0.01748465006465121
-0.01832319965321141
-0.01851941409680217
-0.018942364084039168
-0.019443898631043694
-0.019456614550904378
-0.014711175658434201
-0.015285274718890997
-0.014941984929015677
-0.01608192548287547
-0.01724280892582454
-0.017046440752626495
-0.017273299899172905
-0.017654150021272522
-0.016781424672583704
-0.018040676286680768
-0.01883934384918912
-0.018443769682819054
-0.01314646035373219
-0.013620731894202879
-0.013079156559805087
-0.01620938408621434
-0.016644817322245393
-0.015399076646354093
-0.0099995459117338
-0.010194809240854683
-0.008489881887138015
-0.011638475615780748
-0.011747307338616314
-0.011058987588914179
-0.013991698746440016
-0.014294251639359986
-0.011917335343039773
-0.015125987338513464
-0.01522274902153056
-0.013710381343923933
-0.008680108382841811
-0.008508908805155257
-0.006540306626112628
-0.012856262152348925
-0.012736302872054487
-0.010296151914937107
-0.004226632932538035
-0.003989651603671558
-0.0038869715223865
-0.011692706209179633
-0.011381252866428227
-0.008965579058757207
-0.004221533668256041
-0.00433457971318604
-0.00386584828814729
-0.010059517063325656
-0.01021527333692559
-0.007642980808217811
-0.004351268496350365
-0.00431820775400265
-0.003911851880179298
-0.008884489706872795
-0.008864216762673804
-0.006358466014449519
-0.0041955750275189385
-0.004172227406947134
-0.0036791939270539244
-0.007507110002064957
-0.007503369049788763
-0.005256081186134231
-0.003693027722619668
-0.003866496026178957
-0.003364468417766215
-0.004176153769507112
-0.0042273940668992255
-0.0037558452888245024
-0.006296304286348109
-0.006016126336868349
-0.003914460363907042
-0.0029220320853231146
-0.0033519671981891977
-0.0024415186080586357
-0.0045167923045516594
-0.004530311643914633
-0.0026986410991038895
-0.0023665102168083313
-0.002548089879230747
-0.0020029170406827275
-0.003279807265433652
-0.003150126512658702
-0.0020859257179651146
-0.0017699520380723146
-0.0018320323337417826
-0.0011401822590996625
-0.00210958090955331
-0.0020307394133253246
-0.0011667086564772734
-0.0007496088169630364
-0.0008898717486733628
-0.0003562418345070663
-0.0007851518121841203
-0.0009777815527170965
-0.0003193934382790519
0.0
0.0
0.0
0.0
0.0
0.0
-0.0012065493480318162
-0.002138150443532305
-0.0008584835826227239
-0.0011041049321184597
-0.0012763909665777183
-0.000577931659657004
-0.004398934839276178
-0.0013207257261142733
-0.0029897712229697572
-0.00803087114518912
-0.006753527936674465
-0.006977659293980137
-0.0036319363059129513
-0.005432802210560191
-0.003987888071010381
0.00022716655797241884
-0.0019956449940645073
-0.004335857092369784
-0.006874735953523464
-0.006183823847894748
-0.006278194430837477
-0.007471644374660292
-0.006167989671072801
-0.0038811764606271203
-0.022229105076351258
-0.01812387955516216
-0.01592988227808438
-0.019207575914974063
-0.014490652698517298
-0.011486604854887375
-0.003992152834706213
-0.004099442398505301
-0.003427453455901781
-0.00348751172273271
-0.0034754416829142405
-0.002651393755009759
-0.0030629237324821474
-0.0030240854280425126
-0.002319920086549004
-0.0025621242407387044
-0.0023688753023815134
-0.0018394397435680197
-0.0019587508038053044
-0.0015965349233645733
-0.0013973289301925723
-0.0014577140193879562
-0.001120698977832273
-0.0009372004541022163
-0.0010610718377066545
-0.0008950208741417411
-0.000797813196983216
-0.0007357796729568665
-0.0005965058848515845
-0.000699184731275228
-0.00042134006490845207
-0.0004200089044765976
-0.00039977336856353816
-0.0002353288467480066
-0.00038316742007704814
-0.00018762080119141036
-0.00019107334309769578
-0.0001490209317546574
-4.322021778374605e-05
-0.0001570828649861122
-7.325348560081491e-05
0.0
-4.573103964059975e-05
-5.6154437267551315e-05
-0.0001320169034501944
-0.0005492182789497243
-0.0007064166434928208
-0.0034279376019102172
-0.0013238018379529103
-0.00012864702038609618
0.005473985922377967
-0.001541265268813713
-0.00019296398574124838
0.0062685734594965055
-0.0006950653800792168
-8.35557223150198e-05
0.003783825708956233
-0.0012464681115173476
-8.430376880714084e-05
0.0077527665163192525
-0.0009428009320533287
3.262510439216369e-05
0.00843622953511405
-0.0009430332890919265
3.262510439216369e-05
0.007221662537429701
-0.0009738428254558362
-0.0009207874255912557
-0.0003756998143014704
6.80466309796765e-05
-0.0008550817633195064
-0.0023281603892217244
-0.004998024412052902
-0.004578067132019763
-0.003632805159175989
-0.0013859770222767057
-0.002633342398975695
-0.0015400696570761559
0.0012347599590112708
-0.0005243607816429389
-0.0024920178045558963
-0.003887858445374646
-0.003210196558216998
-0.0031457485888624266
-0.000920379872813391
-0.002683433686189744
-0.0024920178045558963
0.0005865778574671177
-0.00013811605241150637
-0.0011811343789225556
-0.0009105994756194301
-0.0013406028202176956
-0.001918814688489547
-0.005066071043032582
-0.003722985368700257
-0.0013046447699542627
-0.0006409356672891994
1.785697204257841e-05
0.007798763399178886
-0.0006525796789366372
1.6278112951422052e-05
0.008556540481559212
-0.00026181505062800297
6.778480471588787e-05
0.005126063952070173
-0.00047960387912728453
4.8067449713138906e-05
0.008055724892147143
-0.00021778882849928167
-1.971735500274897e-05
0.0029296609400769657
-0.0005514027314381303
-7.480464921210122e-07
0.003968940807363014
-0.0002174634308608031
-6.431696535515226e-05
0.0007945875371185375
-0.0003578949470468455
-0.00018595092349819355
0.0014115920847703048
-0.003295377897275067
-0.0031705443191242396
0.00013496384940017876
-0.0008972037688191383
-0.0010022037521698
0.00162368910437776
-0.001926231554774831
-0.001990439473620563
0.001454174598871356
-0.0058379833950696096
-0.00588069362373955
-0.003777132520070516
-0.0074660732766415935
-0.0073916012627566665
-0.005078607536370718
-0.003311534974546014
-0.003331141642841624
-0.0015768872590802977
-0.004533221210522429
-0.004546009008671148
-0.0024466141342702123
-0.0015947602192285444
-0.001178344445725432
-0.0002571224910452519
-0.002603276563728436
-0.002149630310689388
-0.0005499919461408218
-0.0007185143109163327
-0.0008526123542955475
-0.00020823193526711548
-0.0025018814230979413
-0.0005768541592413036
-0.0016056789317862687
0.0012423648488744314
-0.0011879329220944182
-0.0008683079802579788
0.00010721733955183801
-0.0012618091926653308
-0.0014710854417175423
-0.015443176708590668
-0.012873285066236455
-0.008912392533710674
-0.010844713234969973
-0.00565318451256056
-0.003041645024554276
-0.0001736579405509751
-8.008066958833311e-05
-0.002789888660461717
0.0
0.0
0.0
0.0
0.0
0.0
0.0
-6.418653527124772e-05
9.85559562191183e-05
-0.00037872245014615956
-2.7646164989526408e-05
0.006826785317544031
-0.00037872245014615956
-2.7646164989526408e-05
0.006826785317544031
-0.000305738355868737
-0.00040930800147449066
-7.412124901517566e-05
-0.0011351475093225938
-7.387627057091262e-05
-0.0006027774614595639
0.0007209811397332635
-2.064609919493439e-05
-0.0005488231749564142
0.0007408434441256832
-4.333066030319799e-05
-0.0011288345215098277
0.0007408434441256832
-0.0011285436888677476
-0.0011288345215098277
0.0010010633242723116
-2.064609919493439e-05
-0.0009227370294231887
-0.00037339302431302937
-1.0678030728577248e-05
-0.00013396111667866428
0.0007132241607080978
-2.064609919493439e-05
-0.0005972219296172843
0.001086617185021127
-9.96806846635714e-06
-0.00046326081293861996
-0.0014971773330865472
-0.001202486767806189
-0.0007376803095669915
-0.0009132970486253192
-0.000602036633427956
-8.30086772823865e-05
-0.0002697990726620162
-1.6207061237419082e-05
0.005907743620736833
-0.0002697990726620162
-1.6207061237419082e-05
0.005907743620736833
9.179963242056567e-06
7.80554285988794e-05
0.004443081273027818
-5.969987664632067e-05
5.688436903618649e-05
0.005521453849460863
-0.00034485115715940986
-0.0003931455896780339
0.0009704143526086097
-3.554299522108391e-05
-8.79098040437337e-05
3.684839622801448e-05
-0.0003396288714809959
-0.00019870707958354224
-2.652639737761054e-05
0.0
0.0
0.0
0.0
0.0
0.0
-6.887983988837723e-05
-2.117105956269292e-05
0.0010783725764330482
-1.1644011647437759e-05
-1.5788590911563817e-06
0.0007577770823803213
-0.00010189080090021731
0.0
0.0
-0.00033568832684200415
-0.00015145268116694923
0.0
0.0005038172877512639
-9.96806846635714e-06
-0.0004758143810828682
0.0005038172877512639
-9.96806846635714e-06
-0.0004758143810828682
0.0002800821845390489
0.0
-0.00037391385446677465
-0.00676621418465388
-0.00403672617266329
-0.0019423373384676935
0.00039324911710101544
-9.96806846635714e-06
-0.0002565693336735681
0.00041585741224867405
-9.96806846635714e-06
-0.00036993847871305427
-2.3235703859789681e-07
0.0
-0.0012145669976843464
-5.0384745973664206e-05
4.471020101259758e-05
0.0029003895017694647
-5.0384745973664206e-05
4.471020101259758e-05
0.0029003895017694647
-0.00010680341725342092
-1.5544118006373965e-05
0.0010599409624041712
0.0
0.0
0.0
0.0004789631704210024
-9.96806846635714e-06
-0.00023424900146632518
0.00043194383603783863
-9.96806846635714e-06
-0.00028866005342715494
0.00023079032449132626
-9.96806846635714e-06
-0.00018927197916956278
0.00023079032449132626
-9.96806846635714e-06
-0.00018927197916956278
2.260829514765863e-05
0.0
-0.00011336914503948616
-0.0020163385039095164
-0.0021590729045468052
0.0
-2.887005646032641e-05
-8.595984848287408e-06
0.0007884312492771169
-2.887005646032641e-05
-8.595984848287408e-06
0.0007884312492771169
0.0
0.0
0.0
0.0
0.0
0.0
-4.70193343831637e-05
0.0
-5.441105196082976e-05
0.00014112379632356015
-9.96806846635714e-06
-9.523142146069361e-05
0.00014112379632356015
-9.96806846635714e-06
-0.00013486092720873302
-0.00013880132791514637
0.0
0.0
-8.865980948287523e-06
0.0
0.0
0.0001219307179038193
0.0
0.0
0.0001307966988521068
0.0
0.0
0.0
0.0
-3.962950574803941e-05
0.0
-0.0010852130285645496
0.0
0.0
-5.690144280168141e-05
0.0
0.0
0.0
0.0
0.0
0.0
0.0
0.0
0.0
0.0
0.0
0.0
0.0
0.0
0.0
0.0
0.0
0.0
0.0
0.0
0.0
0.0
0.0
0.0
0.0
0.0
0.0
0.0
0.0
0.0
0.0
0.0
0.0
0.0
0.0
0.0
0.0
0.0
0.0
0.0
0.0
0.0
0.0
0.0
0.0
0.0
0.0
0.0
0.0
0.0
0.0
0.0
0.0
0.0
0.0
0.0
0.0
0.0
0.0
0.0
0.0
0.0
0.0
0.0
0.0
0.0
0.0
0.0
0.0
0.0
0.0
0.0
0.0
0.0
0.0
0.0
0.0
0.0
0.0
0.0
0.0
0.0
0.0
0.0
0.0
0.0
0.0
0.0
0.0
0.0
0.0
0.0
0.0
0.0
0.0
0.0
0.0
0.0
0.0
0.0
0.0
0.0
0.0
0.0
0.0
0.0
0.0
0.0
0.0
0.0
0.0
0.0
0.0
0.0
0.0
0.0
0.0
0.0
0.0
0.0
0.0
0.0
0.0
0.0
0.0
0.0
0.0
0.0
0.0
0.0
0.0
0.0
0.0
0.0
0.0
0.0
0.0
0.0
0.0
0.0
0.0
0.0
0.0
0.0
0.0
0.0
0.0
0.0
0.0
0.0
0.0
0.0
0.0
0.0
0.0
0.0
0.0
0.0
0.0
0.0
0.0
0.0
0.0
0.0
0.0
0.0
0.0
0.0
0.0
0.0
0.0
0.0
0.0
0.0
0.0
0.0
0.0
0.0
0.0
0.0
0.0
0.0
0.0
0.0
0.0
0.0
0.0
0.0
0.0
0.0
0.0
0.0
0.0
0.0
0.0
0.0
0.0
0.0
0.0
0.0
0.0
0.0
0.0
0.0
0.0
0.0
0.0
0.0
0.0
0.0
0.0
0.0
0.0
0.0
0.0
0.0
0.0
0.0
0.0
0.0
0.0
0.0
0.0
0.0
0.0
0.0
0.0
0.0
0.0
0.0
0.0
0.0
0.0
0.0
0.0
0.0
0.0
0.0
0.0
0.0
0.0
0.0
0.0
0.0
0.0
0.0
0.0
0.0
0.0
0.0
0.0
0.0
0.0
0.0
0.0
0.0
0.0
0.0
0.0
0.0
0.0
0.0
0.0
0.0
0.0
0.0
0.0
0.0
0.0
0.0
0.0
0.0
0.0
0.0
0.0
0.0
0.0
0.0
0.0
0.0
0.0
0.0
0.0
0.0
0.0
0.0
0.0
0.0
0.0
0.0
0.0
0.0
0.0
0.0
0.0
0.0
0.0
0.0
0.0
0.0
0.0
0.0
0.0
0.0
0.0
0.0
0.0
0.0
0.0
0.0
0.0
0.0
0.0
0.0
0.0
0.0
0.0
0.0
0.0
0.0
0.0
0.0
0.0
0.0
0.0
0.0
0.0
0.0
0.0
0.0
0.0
0.0
0.0
0.0
0.0
0.0
0.0
0.0
0.0
0.0
0.0
0.0
0.0
0.0
0.0
0.0
0.0
0.0
0.0
0.0
0.0
0.0
0.0
0.0
0.0
0.0
0.0
0.0
0.0
0.0
0.0
0.0
0.0
0.0
0.0
0.0
0.0
0.0
0.0
0.0
0.0
0.0
0.0
0.0
0.0
0.0
0.0
0.0
0.0
0.0
0.0
0.0
0.0
0.0
0.0
0.0
0.0
0.0
0.0
0.0
0.0
0.0
0.0
0.0
0.0
0.0
0.0
0.0
0.0
0.0
0.0
0.0
0.0
0.0
0.0
0.0
0.0
0.0
0.0
0.0
0.0
0.0
0.0
0.0
0.0
0.0
0.0
0.0
0.0
0.0
0.0
0.0
0.0
0.0
0.0
0.0
0.0
0.0
0.0
0.0
0.0
0.0
0.0
0.0
0.0
0.0
0.0
0.0
0.0
0.0
0.0
0.0
0.0
0.0
0.0
0.0
0.0
0.0
0.0
0.0
0.0
0.0
0.0
0.0
0.0
0.0
0.0
0.0
0.0
0.0
0.0
0.0
0.0
0.0
0.0
0.0
0.0
0.0
0.0
0.0
0.0
0.0
0.0
0.0
0.0
0.0
0.0
0.0
0.0
0.0
0.0
0.0
0.0
0.0
0.0
0.0
0.0
0.0
0.0
0.0
0.0
0.0
0.0
0.0
0.0
0.0
0.0
0.0
0.0
0.0
0.0
0.0
0.0
0.0
0.0
0.0
0.0
0.0
0.0
0.0
0.0
0.0
0.0
0.0
0.0
0.0
0.0
0.0
0.0
0.0
0.0
0.0
0.0
0.0
0.0
0.0
0.0
0.0
0.0
0.0
0.0
0.0
0.0
0.0
0.0
0.0
0.0
0.0
0.0
0.0
0.0
0.0
0.0
0.0
0.0
0.0
0.0
0.0
0.0
0.0
0.0
0.0
0.0
0.0
0.0
0.0
0.0
0.0
0.0
0.0
0.0
0.0
0.0
0.0
0.0
0.0
0.0
0.0
0.0
0.0
0.0
0.0
0.0
0.0
0.0
0.0
0.0
0.0
0.0
0.0
0.0
0.0
0.0
0.0
0.0
0.0
0.0
0.0
0.0
0.0
0.0
0.0
0.0
0.0
0.0
0.0
0.0
0.0
0.0
0.0
0.0
0.0
0.0
0.0
0.0
0.0
0.0
0.0
0.0
0.0
0.0
0.0
0.0
0.0
0.0
0.0
0.0
0.0
0.0
0.0
0.0
0.0
0.0
0.0
0.0
0.0
0.0
0.0
0.0
0.0
0.0
0.0
0.0
0.0
0.0
0.0
0.0
0.0
0.0
0.0
0.0
0.0
0.0
0.0
0.0
0.0
0.0
0.0
0.0
0.0
0.0
0.0
0.0
0.0
0.0
0.0
0.0
0.0
0.0
0.0
0.0
0.0
0.0
0.0
0.0
0.0
0.0
0.0
0.0
0.0
0.0
0.0
0.0
0.0
0.0
0.0
0.0
0.0
0.0
0.0
0.0
0.0
0.0
0.0
0.0
0.0
0.0
0.0
0.0
0.0
0.0
0.0
0.0
0.0
0.0
0.0
0.0
0.0
0.0
0.0
0.0
0.0
0.0
0.0
0.0
0.0
0.0
0.0
0.0
0.0
0.0
0.0
0.0
0.0
0.0
0.0
0.0
0.0
0.0
0.0
0.0
0.0
0.0
0.0
0.0
0.0
0.0
0.0
0.0
0.0
0.0
0.0
0.0
0.0
0.0
0.0
0.0
0.0
0.0
0.0
0.0
0.0
0.0
0.0
0.0
0.0
0.0
0.0
0.0
0.0
0.0
0.0
0.0
0.0
0.0
0.0
0.0
0.0
0.0
0.0
0.0
0.0
0.0
0.0
0.0
0.0
0.0
0.0
0.0
0.0
0.0
0.0
0.0
0.0
0.0
0.0
0.0
0.0
0.0
0.0
0.0
0.0
0.0
0.0
0.0
0.0
0.0
0.0
0.0
0.0
0.0
0.0
0.0
0.0
0.0
0.0
0.0
0.0
0.0
0.0
0.0
0.0
0.0
0.0
0.0
0.0
0.0
0.0
0.0
0.0
0.0
0.0
0.0
0.0
0.0
0.0
0.0
0.0
0.0
0.0
0.0
0.0
0.0
0.0
0.0
0.0
0.0
0.0
0.0
0.0
0.0
0.0
0.0
0.0
0.0
0.0
0.0
0.0
0.0
0.0
0.0
0.0
0.0
0.0
0.0
0.0
0.0
0.0
0.0
0.0
0.0
0.0
0.0
0.0
0.0
0.0
0.0
0.0
0.0
0.0
0.0
0.0
0.0
0.0
0.0
0.0
0.0
0.0
0.0
0.0
0.0
0.0
0.0
0.0
0.0
0.0
0.0
0.0
0.0
0.0
0.0
0.0
0.0
0.0
0.0
0.0
0.0
0.0
0.0
0.0
0.0
0.0
0.0
0.0
0.0
0.0
0.0
0.0
0.0
0.0
0.0
0.0
0.0
0.0
0.0
0.0
0.0
0.0
0.0
0.0
0.0
0.0
0.0
0.0
0.0
0.0
0.0
0.0
0.0
0.0
0.0
0.0
0.0
0.0
0.0
0.0
0.0
0.0
0.0
0.0
0.0
0.0
0.0
0.0
0.0
0.0
0.0
0.0
0.0
0.0
0.0
0.0
0.0
0.0
0.0
0.0
0.0
0.0
0.0
0.0
0.0
0.0
0.0
0.0
0.0
0.0
0.0
0.0
0.0
0.0
0.0
0.0
0.0
0.0
0.0
0.0
0.0
0.0
0.0
0.0
0.0
0.0
0.0
0.0
0.0
0.0
0.0
0.0
0.0
0.0
0.0
0.0
0.0
0.0
0.0
0.0
0.0
0.0
0.0
0.0
0.0
0.0
0.0
0.0
0.0
0.0
0.0
0.0
0.0
0.0
0.0
0.0
0.0
0.0
0.0
0.0
0.0
0.0
0.0
0.0
0.0
0.0
0.0
0.0
0.0
0.0
0.0
0.0
0.0
0.0
0.0
0.0
0.0
0.0
0.0
0.0
0.0
0.0
0.0
0.0
0.0
0.0
0.0
0.0
0.0
0.0
0.0
0.0
0.0
0.0
0.0
0.0
0.0
0.0
0.0
0.0
0.0
0.0
0.0
0.0
0.0
0.0
0.0
0.0
0.0
0.0
0.0
0.0
0.0
0.0
0.0
0.0
0.0
0.0
0.0
0.0
0.0
0.0
0.0
0.0
0.0
0.0
0.0
0.0
0.0
0.0
0.0
0.0
0.0
0.0
0.0
0.0
0.0
0.0
0.0
0.0
0.0
0.0
0.0
0.0
0.0
0.0
0.0
0.0
0.0
0.0
0.0
0.0
0.0
0.0
0.0
0.0
0.0
0.0
0.0
0.0
0.0
0.0
0.0
0.0
0.0
0.0
0.0
0.0
0.0
0.0
0.0
0.0
0.0
0.0
0.0
0.0
0.0
0.0
0.0
0.0
0.0
0.0
0.0
0.0
0.0
0.0
0.0
0.0
0.0
0.0
0.0
0.0
0.0
0.0
0.0
0.0
0.0
0.0
0.0
0.0
0.0
0.0
0.0
0.0
0.0
0.0
0.0
0.0
0.0
0.0
0.0
0.0
0.0
0.0
0.0
0.0
0.0
0.0
0.0
0.0
0.0
0.0
0.0
0.0
0.0
0.0
0.0
0.0
0.0
0.0
0.0
0.0
0.0
0.0
0.0
0.0
0.0
0.0
0.0
0.0
0.0
0.0
0.0
0.0
0.0
0.0
0.0
0.0
0.0
0.0
0.0
0.0
0.0
0.0
0.0
0.0
0.0
0.0
0.0
0.0
0.0
0.0
0.0
0.0
0.0
0.0
0.0
0.0
0.0
0.0
0.0
0.0
0.0
0.0
0.0
0.0
0.0
0.0
0.0
0.0
0.0
0.0
0.0
0.0
0.0
0.0
0.0
0.0
0.0
0.0
0.0
0.0
0.0
0.0
0.0
0.0
0.0
0.0
0.0
0.0
0.0
0.0
0.0
0.0
0.0
0.0
0.0
0.0
0.0
0.0
0.0
0.0
0.0
0.0
0.0
0.0
0.0
0.0
0.0
0.0
0.0
0.0
0.0
0.0
0.0
0.0
0.0
0.0
0.0
0.0
0.0
0.0
0.0
0.0
0.0
0.0
0.0
0.0
0.0
0.0
0.0
0.0
0.0
0.0
0.0
0.0
0.0
0.0
0.0
0.0
0.0
0.0
0.0
0.0
0.0
0.0
0.0
0.0
0.0
0.0
0.0
0.0
0.0
0.0
0.0
0.0
0.0
0.0
0.0
0.0
0.0
0.0
0.0
0.0
0.0
0.0
0.0
0.0
0.0
0.0
0.0
0.0
0.0
0.0
0.0
0.0
0.0
0.0
0.0
0.0
0.0
0.0
0.0
0.0
0.0
0.0
0.0
0.0
0.0
0.0
0.0
0.0
0.0
0.0
0.0
0.0
0.0
0.0
0.0
0.0
0.0
0.0
0.0
0.0
0.0
0.0
0.0
0.0
0.0
0.0
0.0
0.0
0.0
0.0
0.0
0.0
0.0
0.0
0.0
0.0
0.0
0.0
0.0
0.0
0.0
0.0
0.0
0.0
0.0
0.0
0.0
0.0
0.0
0.0
0.0
0.0
0.0
0.0
0.0
0.0
0.0
0.0
0.0
0.0
0.0
0.0
0.0
0.0
0.0
0.0
0.0
0.0
0.0
0.0
0.0
0.0
0.0
0.0
0.0
0.0
0.0
0.0
0.0
0.0
0.0
0.0
0.0
0.0
0.0
0.0
0.0
0.0
0.0
0.0
0.0
0.0
0.0
0.0
0.0
0.0
0.0
0.0
0.0
0.0
0.0
0.0
0.0
0.0
0.0
0.0
0.0
0.0
0.0
0.0
0.0
0.0
0.0
0.0
0.0
0.0
0.0
0.0
0.0
0.0
0.0
0.0
0.0
0.0
0.0
0.0
0.0
0.0
0.0
0.0
0.0
0.0
0.0
0.0
0.0
0.0
0.0
0.0
0.0
0.0
0.0
0.0
0.0
0.0
0.0
0.0
0.0
0.0
0.0
0.0
0.0
0.0
0.0
0.0
0.0
0.0
0.0
0.0
0.0
0.0
0.0
0.0
0.0
0.0
0.0
0.0
0.0
0.0
0.0
0.0
0.0
0.0
0.0
0.0
0.0
0.0
0.0
0.0
0.0
0.0
0.0
0.0
0.0
0.0
0.0
0.0
0.0
0.0
0.0
0.0
0.0
0.0
0.0
0.0
0.0
0.0
0.0
0.0
0.0
0.0
0.0
0.0
0.0
0.0
0.0
0.0
0.0
0.0
0.0
0.0
0.0
0.0
0.0
0.0
0.0
0.0
0.0
0.0
0.0
0.0
0.0
0.0
0.0
0.0
0.0
0.0
0.0
0.0
0.0
0.0
0.0
0.0
0.0
0.0
0.0
0.0
0.0
0.0
0.0
0.0
0.0
0.0
0.0
0.0
0.0
0.0
0.0
0.0
0.0
0.0
0.0
0.0
0.0
0.0
0.0
0.0
0.0
0.0
0.0
0.0
0.0
0.0
0.0
0.0
0.0
0.0
0.0
0.0
0.0
0.0
0.0
0.0
0.0
0.0
0.0
0.0
0.0
0.0
0.0
0.0
0.0
0.0
0.0
0.0
0.0
0.0
0.0
0.0
0.0
0.0
0.0
0.0
0.0
0.0
0.0
0.0
0.0
0.0
0.0
0.0
0.0
0.0
0.0
0.0
0.0
0.0
0.0
0.0
0.0
0.0
0.0
0.0
0.0
0.0
0.0
0.0
0.0
0.0
0.0
0.0
0.0
0.0
0.0
0.0
0.0
0.0
0.0
0.0
0.0
0.0
0.0
0.0
0.0
0.0
0.0
0.0
0.0
0.0
0.0
0.0
0.0
0.0
0.0
0.0
0.0
0.0
0.0
0.0
0.0
0.0
0.0
0.0
0.0
0.0
0.0
0.0
0.0
0.0
0.0
0.0
0.0
0.0
0.0
0.0
0.0
0.0
0.0
0.0
0.0
0.0
0.0
0.0
0.0
0.0
0.0
0.0
0.0
0.0
0.0
0.0
0.0
0.0
0.0
0.0
0.0
0.0
0.0
0.0
0.0
0.0
0.0
0.0
0.0
0.0
0.0
0.0
0.0
0.0
0.0
0.0
0.0
0.0
0.0
0.0
0.0
0.0
0.0
0.0
0.0
0.0
0.0
0.0
0.0
0.0
0.0
0.0
0.0
0.0
0.0
0.0
0.0
0.0
0.0
0.0
0.0
0.0
0.0
0.0
0.0
0.0
0.0
0.0
0.0
0.0
0.0
0.0
0.0
0.0
0.0
0.0
0.0
0.0
0.0
0.0
0.0
0.0
0.0
0.0
0.0
0.0
0.0
0.0
0.0
0.0
0.0
0.0
0.0
0.0
0.0
0.0
0.0
0.0
0.0
0.0
0.0
0.0
0.0
0.0
0.0
0.0
0.0
0.0
0.0
0.0
0.0
0.0
0.0
0.0
0.0
0.0
0.0
0.0
0.0
0.0
0.0
0.0
0.0
0.0
0.0
0.0
0.0
0.0
0.0
0.0
0.0
0.0
0.0
0.0
0.0
0.0
0.0
0.0
0.0
0.0
0.0
0.0
0.0
0.0
0.0
0.0
0.0
0.0
0.0
0.0
0.0
0.0
0.0
0.0
0.0
0.0
0.0
0.0
0.0
0.0
0.0
0.0
0.0
0.0
0.0
0.0
0.0
0.0
0.0
0.0
0.0
0.0
0.0
0.0
0.0
0.0
0.0
0.0
0.0
0.0
0.0
0.0
0.0
0.0
0.0
0.0
0.0
0.0
0.0
0.0
0.0
0.0
0.0
0.0
0.0
0.0
0.0
0.0
0.0
0.0
0.0
0.0
0.0
0.0
0.0
0.0
0.0
0.0
0.0
0.0
0.0
0.0
0.0
0.0
0.0
0.0
0.0
0.0
0.0
0.0
0.0
0.0
0.0
0.0
0.0
0.0
0.0
0.0
0.0
0.0
0.0
0.0
0.0
0.0
0.0
0.0
0.0
0.0
0.0
0.0
0.0
0.0
0.0
0.0
0.0
0.0
0.0
0.0
0.0
0.0
0.0
0.0
0.0
0.0
0.0
0.0
0.0
0.0
0.0
0.0
0.0
0.0
0.0
0.0
0.0
0.0
0.0
0.0
0.0
0.0
0.0
0.0
0.0
0.0
0.0
0.0
0.0
0.0
0.0
0.0
0.0
0.0
0.0
0.0
0.0
0.0
0.0
0.0
0.0
0.0
0.0
0.0
0.0
0.0
0.0
0.0
0.0
0.0
0.0
0.0
0.0
0.0
0.0
0.0
0.0
0.0
0.0
0.0
0.0
0.0
0.0
0.0
0.0
0.0
0.0
0.0
0.0
0.0
0.0
0.0
0.0
0.0
0.0
0.0
0.0
0.0
0.0
0.0
0.0
0.0
0.0
0.0
0.0
0.0
0.0
0.0
0.0
0.0
0.0
0.0
0.0
0.0
0.0
0.0
0.0
0.0
0.0
0.0
0.0
0.0
0.0
0.0
0.0
0.0
0.0
0.0
0.0
0.0
0.0
0.0
0.0
0.0
0.0
0.0
0.0
0.0
0.0
0.0
0.0
0.0
0.0
0.0
0.0
0.0
0.0
0.0
0.0
0.0
0.0
0.0
0.0
0.0
0.0
0.0
0.0
0.0
0.0
0.0
0.0
0.0
0.0
0.0
0.0
0.0
0.0
0.0
0.0
0.0
0.0
0.0
0.0
0.0
0.0
0.0
0.0
0.0
0.0
0.0
0.0
0.0
0.0
0.0
0.0
0.0
0.0
0.0
0.0
0.0
0.0
0.0
0.0
0.0
0.0
0.0
0.0
0.0
0.0
0.0
0.0
0.0
0.0
0.0
0.0
0.0
0.0
0.0
0.0
0.0
0.0
0.0
0.0
0.0
0.0
0.0
0.0
0.0
0.0
0.0
0.0
0.0
0.0
0.0
0.0
0.0
0.0
0.0
0.0
0.0
0.0
0.0
0.0
0.0
0.0
0.0
0.0
0.0
0.0
0.0
0.0
0.0
0.0
0.0
0.0
0.0
0.0
0.0
0.0
0.0
0.0
0.0
0.0
0.0
0.0
0.0
0.0
0.0
0.0
0.0
0.0
0.0
0.0
0.0
0.0
0.0
0.0
0.0
0.0
0.0
0.0
0.0
0.0
0.0
0.0
0.0
0.0
0.0
0.0
0.0
0.0
0.0
0.0
0.0
0.0
0.0
0.0
0.0
0.0
0.0
0.0
0.0
0.0
0.0
0.0
0.0
0.0
0.0
0.0
0.0
0.0
0.0
0.0
0.0
0.0
0.0
0.0
0.0
0.0
0.0
0.0
0.0
0.0
0.0
0.0
0.0
0.0
0.0
0.0
0.0
0.0
0.0
0.0
0.0
0.0
0.0
0.0
0.0
0.0
0.0
0.0
0.0
0.0
0.0
0.0
0.0
0.0
0.0
0.0
0.0
0.0
0.0
0.0
0.0
0.0
0.0
0.0
0.0
0.0
0.0
0.0
0.0
0.0
0.0
0.0
0.0
0.0
0.0
0.0
0.0
0.0
0.0
0.0
0.0
0.0
0.0
0.0
0.0
0.0
0.0
0.0
0.0
0.0
0.0
0.0
0.0
0.0
0.0
0.0
0.0
0.0
0.0
0.0
0.0
0.0
0.0
0.0
0.0
0.0
0.0
0.0
0.0
0.0
0.0
0.0
0.0
0.0
0.0
0.0
0.0
0.0
0.0
0.0
0.0
0.0
0.0
0.0
0.0
0.0
0.0
0.0
0.0
0.0
0.0
0.0
0.0
0.0
0.0
0.0
0.0
0.0
0.0
0.0
0.0
0.0
0.0
0.0
0.0
0.0
0.0
0.0
0.0
0.0
0.0
0.0
0.0
0.0
0.0
0.0
0.0
0.0
0.0
0.0
0.0
0.0
0.0
0.0
0.0
0.0
0.0
0.0
0.0
0.0
0.0
0.0
0.0
0.0
0.0
0.0
0.0
0.0
0.0
0.0
0.0
0.0
0.0
0.0
0.0
0.0
0.0
0.0
0.0
0.0
0.0
0.0
0.0
0.0
0.0
0.0
0.0
0.0
0.0
0.0
0.0
0.0
0.0
0.0
0.0
0.0
0.0
0.0
0.0
0.0
0.0
0.0
0.0
0.0
0.0
0.0
0.0
0.0
0.0
0.0
0.0
0.0
0.0
0.0
0.0
0.0
0.0
0.0
0.0
0.0
0.0
0.0
0.0
0.0
0.0
0.0
0.0
0.0
0.0
0.0
0.0
0.0
0.0
0.0
0.0
0.0
0.0
0.0
0.0
0.0
0.0
0.0
0.0
0.0
0.0
0.0
0.0
0.0
0.0
0.0
0.0
0.0
0.0
0.0
0.0
0.0
0.0
0.0
0.0
0.0
0.0
0.0
0.0
0.0
0.0
0.0
0.0
0.0
0.0
0.0
0.0
0.0
0.0
0.0
0.0
0.0
0.0
0.0
0.0
0.0
0.0
0.0
0.0
0.0
0.0
0.0
0.0
0.0
0.0
0.0
0.0
0.0
0.0
0.0
0.0
0.0
0.0
0.0
0.0
0.0
0.0
0.0
0.0
0.0
0.0
0.0
0.0
0.0
0.0
0.0
0.0
0.0
0.0
0.0
0.0
0.0
0.0
0.0
0.0
0.0
0.0
0.0
0.0
0.0
0.0
0.0
0.0
0.0
0.0
0.0
0.0
0.0
0.0
0.0
0.0
0.0
0.0
0.0
0.0
0.0
0.0
0.0
0.0
0.0
0.0
0.0
0.0
0.0
0.0
0.0
0.0
0.0
0.0
0.0
0.0
0.0
0.0
0.0
0.0
0.0
0.0
0.0
0.0
0.0
0.0
0.0
0.0
0.0
0.0
0.0
0.0
0.0
0.0
0.0
0.0
0.0
0.0
0.0
0.0
0.0
0.0
0.0
0.0
0.0
0.0
0.0
0.0
0.0
0.0
0.0
0.0
0.0
0.0
0.0
0.0
0.0
0.0
0.0
0.0
0.0
0.0
0.0
0.0
0.0
0.0
0.0
0.0
0.0
0.0
0.0
0.0
0.0
0.0
0.0
0.0
0.0
0.0
0.0
0.0
0.0
0.0
0.0
0.0
0.0
0.0
0.0
0.0
0.0
0.0
0.0
0.0
0.0
0.0
0.0
0.0
0.0
0.0
0.0
0.0
0.0
0.0
0.0
0.0
0.0
0.0
0.0
0.0
0.0
0.0
0.0
0.0
0.0
0.0
0.0
0.0
0.0
0.0
0.0
0.0
0.0
0.0
0.0
0.0
0.0
0.0
0.0
0.0
0.0
0.0
0.0
0.0
0.0
0.0
0.0
0.0
0.0
0.0
0.0
0.0
0.0
0.0
0.0
0.0
0.0
0.0
0.0
0.0
0.0
0.0
0.0
0.0
0.0
0.0
0.0
0.0
0.0
0.0
0.0
0.0
0.0
0.0
0.0
0.0
0.0
0.0
0.0
0.0
0.0
0.0
0.0
0.0
0.0
0.0
0.0
0.0
0.0
0.0
0.0
0.0
0.0
0.0
0.0
0.0
0.0
0.0
0.0
0.0
0.0
0.0
0.0
0.0
0.0
0.0
0.0
0.0
0.0
0.0
0.0
0.0
0.0
0.0
0.0
0.0
0.0
0.0
0.0
0.0
0.0
0.0
0.0
0.0
0.0
0.0
0.0
0.0
0.0
0.0
0.0
0.0
0.0
0.0
0.0
0.0
0.0
0.0
0.0
0.0
0.0
0.0
0.0
0.0
0.0
0.0
0.0
0.0
0.0
0.0
0.0
0.0
0.0
0.0
0.0
0.0
0.0
0.0
0.0
0.0
0.0
0.0
0.0
0.0
0.0
0.0
0.0
0.0
0.0
0.0
0.0
0.0
0.0
0.0
0.0
0.0
0.0
0.0
0.0
0.0
0.0
0.0
0.0
0.0
0.0
0.0
0.0
0.0
0.0
0.0
0.0
0.0
0.0
0.0
0.0
0.0
0.0
0.0
0.0
0.0
0.0
0.0
0.0
0.0
0.0
0.0
0.0
0.0
0.0
0.0
0.0
0.0
0.0
0.0
0.0
0.0
0.0
0.0
0.0
0.0
0.0
0.0
0.0
0.0
0.0
0.0
0.0
0.0
0.0
0.0
0.0
0.0
0.0
0.0
0.0
0.0
0.0
0.0
0.0
0.0
0.0
0.0
0.0
0.0
0.0
0.0
0.0
0.0
0.0
0.0
0.0
0.0
0.0
0.0
0.0
0.0
0.0
0.0
0.0
0.0
0.0
0.0
0.0
0.0
0.0
0.0
0.0
0.0
0.0
0.0
0.0
0.0
0.0
0.0
0.0
0.0
0.0
0.0
0.0
0.0
0.0
0.0
0.0
0.0
0.0
0.0
0.0
0.0
0.0
0.0
0.0
0.0
0.0
0.0
0.0
0.0
0.0
0.0
0.0
0.0
0.0
0.0
0.0
0.0
0.0
0.0
0.0
0.0
0.0
0.0
0.0
0.0
0.0
0.0
0.0
0.0
0.0
0.0
0.0
0.0
0.0
0.0
0.0
0.0
0.0
0.0
0.0
0.0
0.0
0.0
0.0
0.0
0.0
0.0
0.0
0.0
0.0
0.0
0.0
0.0
0.0
0.0
0.0
0.0
0.0
0.0
0.0
0.0
0.0
0.0
0.0
0.0
0.0
0.0
0.0
0.0
0.0
0.0
0.0
0.0
0.0
0.0
0.0
0.0
0.0
0.0
0.0
0.0
0.0
0.0
0.0
0.0
0.0
0.0
0.0
0.0
0.0
0.0
0.0
0.0
0.0
0.0
0.0
0.0
0.0
0.0
0.0
0.0
0.0
0.0
0.0
0.0
0.0
0.0
0.0
0.0
0.0
0.0
0.0
0.0
0.0
0.0
0.0
0.0
0.0
0.0
0.0
0.0
0.0
0.0
0.0
0.0
0.0
0.0
0.0
0.0
0.0
0.0
0.0
0.0
0.0
0.0
0.0
0.0
0.0
0.0
0.0
0.0
0.0
0.0
0.0
0.0
0.0
0.0
0.0
0.0
0.0
0.0
0.0
0.0
0.0
0.0
0.0
0.0
0.0
0.0
0.0
0.0
0.0
0.0
0.0
0.0
0.0
0.0
0.0
0.0
0.0
0.0
0.0
0.0
0.0
0.0
0.0
0.0
0.0
0.0
0.0
0.0
0.0
0.0
0.0
0.0
0.0
0.0
0.0
0.0
0.0
0.0
0.0
0.0
0.0
0.0
0.0
0.0
0.0
0.0
0.0
0.0
0.0
0.0
0.0
0.0
0.0
0.0
0.0
0.0
0.0
0.0
0.0
0.0
0.0
0.0
0.0
0.0
0.0
0.0
0.0
0.0
0.0
0.0
0.0
0.0
0.0
0.0
0.0
0.0
0.0
0.0
0.0
0.0
0.0
0.0
0.0
0.0
0.0
0.0
0.0
0.0
0.0
0.0
0.0
0.0
0.0
0.0
0.0
0.0
0.0
0.0
0.0
0.0
0.0
0.0
0.0
0.0
0.0
0.0
0.0
0.0
0.0
0.0
0.0
0.0
0.0
0.0
0.0
0.0
0.0
0.0
0.0
0.0
0.0
0.0
0.0
0.0
0.0
0.0
0.0
0.0
0.0
0.0
0.0
0.0
0.0
0.0
0.0
0.0
0.0
0.0
0.0
0.0
0.0
0.0
0.0
0.0
0.0
0.0
0.0
0.0
0.0
0.0
0.0
0.0
0.0
0.0
0.0
0.0
0.0
0.0
0.0
0.0
0.0
0.0
0.0
0.0
0.0
0.0
0.0
0.0
0.0
0.0
0.0
0.0
0.0
0.0
0.0
0.0
0.0
0.0
0.0
0.0
0.0
0.0
0.0
0.0
0.0
0.0
0.0
0.0
0.0
0.0
0.0
0.0
0.0
0.0
0.0
0.0
0.0
0.0
0.0
0.0
0.0
0.0
0.0
0.0
0.0
0.0
0.0
0.0
0.0
0.0
0.0
0.0
0.0
0.0
0.0
0.0
0.0
0.0
0.0
0.0
0.0
0.0
0.0
0.0
0.0
0.0
0.0
0.0
0.0
0.0
0.0
0.0
0.0
0.0
0.0
0.0
0.0
0.0
0.0
0.0
0.0
0.0
0.0
0.0
0.0
0.0
0.0
0.0
0.0
0.0
0.0
0.0
0.0
0.0
0.0
0.0
0.0
0.0
0.0
0.0
0.0
0.0
0.0
0.0
0.0
0.0
0.0
0.0
0.0
0.0
0.0
0.0
0.0
0.0
0.0
0.0
0.0
0.0
0.0
0.0
0.0
0.0
0.0
0.0
0.0
0.0
0.0
0.0
0.0
0.0
0.0
0.0
0.0
0.0
0.0
0.0
0.0
0.0
0.0
0.0
0.0
0.0
0.0
0.0
0.0
0.0
0.0
0.0
0.0
0.0
0.0
0.0
0.0
0.0
0.0
0.0
0.0
0.0
0.0
0.0
0.0
0.0
0.0
0.0
0.0
0.0
0.0
0.0
0.0
0.0
0.0
0.0
0.0
0.0
0.0
0.0
0.0
0.0
0.0
0.0
0.0
0.0
0.0
0.0
0.0
0.0
0.0
0.0
0.0
0.0
0.0
0.0
0.0
0.0
0.0
0.0
0.0
0.0
0.0
0.0
0.0
0.0
0.0
0.0
0.0
0.0
0.0
0.0
0.0
0.0
0.0
0.0
0.0
0.0
0.0
0.0
0.0
0.0
0.0
0.0
0.0
0.0
0.0
0.0
0.0
0.0
0.0
0.0
0.0
0.0
0.0
0.0
0.0
0.0
0.0
0.0
0.0
0.0
0.0
0.0
0.0
0.0
0.0
0.0
0.0
0.0
0.0
0.0
0.0
0.0
0.0
0.0
0.0
0.0
0.0
0.0
0.0
0.0
0.0
0.0
0.0
0.0
0.0
0.0
0.0
0.0
0.0
0.0
0.0
0.0
0.0
0.0
0.0
0.0
0.0
0.0
0.0
0.0
0.0
0.0
0.0
0.0
0.0
0.0
0.0
0.0
0.0
0.0
0.0
0.0
0.0
0.0
0.0
0.0
0.0
0.0
0.0
0.0
0.0
0.0
0.0
0.0
0.0
0.0
0.0
0.0
0.0